[24-Aug-2014 09:30:55 Europe/London] PHP Fatal error:  require_once(): Failed opening required '../common/tracker.php' (include_path='.:/usr/share/php:/usr/share/pear') in /home/amzad/dev/theroyals/src/application/views/menu/main.php on line 142
[24-Aug-2014 09:30:55 Europe/London] PHP Stack trace:
[24-Aug-2014 09:30:55 Europe/London] PHP   1. {main}() /home/amzad/dev/theroyals/src/index.php:0
[24-Aug-2014 09:30:55 Europe/London] PHP   2. require_once() /home/amzad/dev/theroyals/src/index.php:214
[24-Aug-2014 09:30:55 Europe/London] PHP   3. call_user_func_array() /home/amzad/dev/theroyals/src/system/core/CodeIgniter.php:359
[24-Aug-2014 09:30:55 Europe/London] PHP   4. Takeaway->menu() /home/amzad/dev/theroyals/src/system/core/CodeIgniter.php:359
[24-Aug-2014 09:30:55 Europe/London] PHP   5. CI_Loader->view() /home/amzad/dev/theroyals/src/application/controllers/takeaway.php:84
[24-Aug-2014 09:30:55 Europe/London] PHP   6. CI_Loader->_ci_load() /home/amzad/dev/theroyals/src/system/core/Loader.php:419
[24-Aug-2014 09:30:55 Europe/London] PHP   7. include() /home/amzad/dev/theroyals/src/system/core/Loader.php:833
[24-Aug-2014 09:41:05 Europe/London] PHP Fatal error:  require_once(): Failed opening required '../common/tracker.php' (include_path='.:/usr/share/php:/usr/share/pear') in /home/amzad/dev/theroyals/src/application/views/menu/main.php on line 142
[24-Aug-2014 09:41:05 Europe/London] PHP Stack trace:
[24-Aug-2014 09:41:05 Europe/London] PHP   1. {main}() /home/amzad/dev/theroyals/src/index.php:0
[24-Aug-2014 09:41:05 Europe/London] PHP   2. require_once() /home/amzad/dev/theroyals/src/index.php:214
[24-Aug-2014 09:41:05 Europe/London] PHP   3. call_user_func_array() /home/amzad/dev/theroyals/src/system/core/CodeIgniter.php:359
[24-Aug-2014 09:41:05 Europe/London] PHP   4. Takeaway->menu() /home/amzad/dev/theroyals/src/system/core/CodeIgniter.php:359
[24-Aug-2014 09:41:05 Europe/London] PHP   5. CI_Loader->view() /home/amzad/dev/theroyals/src/application/controllers/takeaway.php:84
[24-Aug-2014 09:41:05 Europe/London] PHP   6. CI_Loader->_ci_load() /home/amzad/dev/theroyals/src/system/core/Loader.php:419
[24-Aug-2014 09:41:05 Europe/London] PHP   7. include() /home/amzad/dev/theroyals/src/system/core/Loader.php:833
[25-Aug-2014 23:08:38 Europe/London] PHP Fatal error:  Call to undefined method CI_Session::data() in /home/amzad/dev/theroyals/src/application/migrations/001_add_SetUpMigration.php on line 79
[25-Aug-2014 23:08:38 Europe/London] PHP Stack trace:
[25-Aug-2014 23:08:38 Europe/London] PHP   1. {main}() /home/amzad/dev/theroyals/src/index.php:0
[25-Aug-2014 23:08:38 Europe/London] PHP   2. require_once() /home/amzad/dev/theroyals/src/index.php:214
[25-Aug-2014 23:08:38 Europe/London] PHP   3. call_user_func_array() /home/amzad/dev/theroyals/src/system/core/CodeIgniter.php:359
[25-Aug-2014 23:08:38 Europe/London] PHP   4. Migration->index() /home/amzad/dev/theroyals/src/system/core/CodeIgniter.php:359
[25-Aug-2014 23:08:38 Europe/London] PHP   5. CI_Migration->current() /home/amzad/dev/theroyals/src/application/controllers/migration.php:12
[25-Aug-2014 23:08:38 Europe/London] PHP   6. CI_Migration->version() /home/amzad/dev/theroyals/src/system/libraries/Migration.php:243
[25-Aug-2014 23:08:38 Europe/London] PHP   7. call_user_func() /home/amzad/dev/theroyals/src/system/libraries/Migration.php:201
[25-Aug-2014 23:08:38 Europe/London] PHP   8. Migration_Add_SetUpMigration->up() /home/amzad/dev/theroyals/src/system/libraries/Migration.php:201
[25-Aug-2014 23:10:51 Europe/London] PHP Fatal error:  Call to undefined method CI_Session::data() in /home/amzad/dev/theroyals/src/application/migrations/001_add_SetUpMigration.php on line 81
[25-Aug-2014 23:10:51 Europe/London] PHP Stack trace:
[25-Aug-2014 23:10:51 Europe/London] PHP   1. {main}() /home/amzad/dev/theroyals/src/index.php:0
[25-Aug-2014 23:10:51 Europe/London] PHP   2. require_once() /home/amzad/dev/theroyals/src/index.php:214
[25-Aug-2014 23:10:51 Europe/London] PHP   3. call_user_func_array() /home/amzad/dev/theroyals/src/system/core/CodeIgniter.php:359
[25-Aug-2014 23:10:51 Europe/London] PHP   4. Migration->index() /home/amzad/dev/theroyals/src/system/core/CodeIgniter.php:359
[25-Aug-2014 23:10:51 Europe/London] PHP   5. CI_Migration->current() /home/amzad/dev/theroyals/src/application/controllers/migration.php:12
[25-Aug-2014 23:10:51 Europe/London] PHP   6. CI_Migration->version() /home/amzad/dev/theroyals/src/system/libraries/Migration.php:243
[25-Aug-2014 23:10:51 Europe/London] PHP   7. call_user_func() /home/amzad/dev/theroyals/src/system/libraries/Migration.php:201
[25-Aug-2014 23:10:51 Europe/London] PHP   8. Migration_Add_SetUpMigration->up() /home/amzad/dev/theroyals/src/system/libraries/Migration.php:201
[25-Aug-2014 23:11:43 Europe/London] PHP Fatal error:  Cannot assign by reference to overloaded object in /home/amzad/dev/theroyals/src/application/migrations/001_add_SetUpMigration.php on line 8
[25-Aug-2014 23:11:43 Europe/London] PHP Stack trace:
[25-Aug-2014 23:11:43 Europe/London] PHP   1. {main}() /home/amzad/dev/theroyals/src/index.php:0
[25-Aug-2014 23:11:43 Europe/London] PHP   2. require_once() /home/amzad/dev/theroyals/src/index.php:214
[25-Aug-2014 23:11:43 Europe/London] PHP   3. call_user_func_array() /home/amzad/dev/theroyals/src/system/core/CodeIgniter.php:359
[25-Aug-2014 23:11:43 Europe/London] PHP   4. Migration->index() /home/amzad/dev/theroyals/src/system/core/CodeIgniter.php:359
[25-Aug-2014 23:11:43 Europe/London] PHP   5. CI_Migration->current() /home/amzad/dev/theroyals/src/application/controllers/migration.php:12
[25-Aug-2014 23:11:43 Europe/London] PHP   6. CI_Migration->version() /home/amzad/dev/theroyals/src/system/libraries/Migration.php:243
[25-Aug-2014 23:11:43 Europe/London] PHP   7. call_user_func() /home/amzad/dev/theroyals/src/system/libraries/Migration.php:201
[25-Aug-2014 23:11:43 Europe/London] PHP   8. Migration_Add_SetUpMigration->up() /home/amzad/dev/theroyals/src/system/libraries/Migration.php:201
[25-Aug-2014 23:11:44 Europe/London] PHP Fatal error:  Cannot assign by reference to overloaded object in /home/amzad/dev/theroyals/src/application/migrations/001_add_SetUpMigration.php on line 8
[25-Aug-2014 23:11:44 Europe/London] PHP Stack trace:
[25-Aug-2014 23:11:44 Europe/London] PHP   1. {main}() /home/amzad/dev/theroyals/src/index.php:0
[25-Aug-2014 23:11:44 Europe/London] PHP   2. require_once() /home/amzad/dev/theroyals/src/index.php:214
[25-Aug-2014 23:11:44 Europe/London] PHP   3. call_user_func_array() /home/amzad/dev/theroyals/src/system/core/CodeIgniter.php:359
[25-Aug-2014 23:11:44 Europe/London] PHP   4. Migration->index() /home/amzad/dev/theroyals/src/system/core/CodeIgniter.php:359
[25-Aug-2014 23:11:44 Europe/London] PHP   5. CI_Migration->current() /home/amzad/dev/theroyals/src/application/controllers/migration.php:12
[25-Aug-2014 23:11:44 Europe/London] PHP   6. CI_Migration->version() /home/amzad/dev/theroyals/src/system/libraries/Migration.php:243
[25-Aug-2014 23:11:44 Europe/London] PHP   7. call_user_func() /home/amzad/dev/theroyals/src/system/libraries/Migration.php:201
[25-Aug-2014 23:11:44 Europe/London] PHP   8. Migration_Add_SetUpMigration->up() /home/amzad/dev/theroyals/src/system/libraries/Migration.php:201
[25-Aug-2014 23:12:49 Europe/London] PHP Parse error:  syntax error, unexpected ';', expecting ')' in /home/amzad/dev/theroyals/src/application/migrations/001_add_SetUpMigration.php on line 83
[25-Aug-2014 23:12:49 Europe/London] PHP Stack trace:
[25-Aug-2014 23:12:49 Europe/London] PHP   1. {main}() /home/amzad/dev/theroyals/src/index.php:0
[25-Aug-2014 23:12:49 Europe/London] PHP   2. require_once() /home/amzad/dev/theroyals/src/index.php:214
[25-Aug-2014 23:12:49 Europe/London] PHP   3. call_user_func_array() /home/amzad/dev/theroyals/src/system/core/CodeIgniter.php:359
[25-Aug-2014 23:12:49 Europe/London] PHP   4. Migration->index() /home/amzad/dev/theroyals/src/system/core/CodeIgniter.php:359
[25-Aug-2014 23:12:49 Europe/London] PHP   5. CI_Migration->current() /home/amzad/dev/theroyals/src/application/controllers/migration.php:12
[25-Aug-2014 23:12:49 Europe/London] PHP   6. CI_Migration->version() /home/amzad/dev/theroyals/src/system/libraries/Migration.php:243
[25-Aug-2014 23:12:51 Europe/London] PHP Parse error:  syntax error, unexpected ';', expecting ')' in /home/amzad/dev/theroyals/src/application/migrations/001_add_SetUpMigration.php on line 83
[25-Aug-2014 23:12:51 Europe/London] PHP Stack trace:
[25-Aug-2014 23:12:51 Europe/London] PHP   1. {main}() /home/amzad/dev/theroyals/src/index.php:0
[25-Aug-2014 23:12:51 Europe/London] PHP   2. require_once() /home/amzad/dev/theroyals/src/index.php:214
[25-Aug-2014 23:12:51 Europe/London] PHP   3. call_user_func_array() /home/amzad/dev/theroyals/src/system/core/CodeIgniter.php:359
[25-Aug-2014 23:12:51 Europe/London] PHP   4. Migration->index() /home/amzad/dev/theroyals/src/system/core/CodeIgniter.php:359
[25-Aug-2014 23:12:51 Europe/London] PHP   5. CI_Migration->current() /home/amzad/dev/theroyals/src/application/controllers/migration.php:12
[25-Aug-2014 23:12:51 Europe/London] PHP   6. CI_Migration->version() /home/amzad/dev/theroyals/src/system/libraries/Migration.php:243
[25-Aug-2014 23:12:57 Europe/London] PHP Fatal error:  Cannot assign by reference to overloaded object in /home/amzad/dev/theroyals/src/application/migrations/001_add_SetUpMigration.php on line 7
[25-Aug-2014 23:12:57 Europe/London] PHP Stack trace:
[25-Aug-2014 23:12:57 Europe/London] PHP   1. {main}() /home/amzad/dev/theroyals/src/index.php:0
[25-Aug-2014 23:12:57 Europe/London] PHP   2. require_once() /home/amzad/dev/theroyals/src/index.php:214
[25-Aug-2014 23:12:57 Europe/London] PHP   3. call_user_func_array() /home/amzad/dev/theroyals/src/system/core/CodeIgniter.php:359
[25-Aug-2014 23:12:57 Europe/London] PHP   4. Migration->index() /home/amzad/dev/theroyals/src/system/core/CodeIgniter.php:359
[25-Aug-2014 23:12:57 Europe/London] PHP   5. CI_Migration->current() /home/amzad/dev/theroyals/src/application/controllers/migration.php:12
[25-Aug-2014 23:12:57 Europe/London] PHP   6. CI_Migration->version() /home/amzad/dev/theroyals/src/system/libraries/Migration.php:243
[25-Aug-2014 23:12:57 Europe/London] PHP   7. call_user_func() /home/amzad/dev/theroyals/src/system/libraries/Migration.php:201
[25-Aug-2014 23:12:57 Europe/London] PHP   8. Migration_Add_SetUpMigration->up() /home/amzad/dev/theroyals/src/system/libraries/Migration.php:201
[25-Aug-2014 23:12:59 Europe/London] PHP Fatal error:  Cannot assign by reference to overloaded object in /home/amzad/dev/theroyals/src/application/migrations/001_add_SetUpMigration.php on line 7
[25-Aug-2014 23:12:59 Europe/London] PHP Stack trace:
[25-Aug-2014 23:12:59 Europe/London] PHP   1. {main}() /home/amzad/dev/theroyals/src/index.php:0
[25-Aug-2014 23:12:59 Europe/London] PHP   2. require_once() /home/amzad/dev/theroyals/src/index.php:214
[25-Aug-2014 23:12:59 Europe/London] PHP   3. call_user_func_array() /home/amzad/dev/theroyals/src/system/core/CodeIgniter.php:359
[25-Aug-2014 23:12:59 Europe/London] PHP   4. Migration->index() /home/amzad/dev/theroyals/src/system/core/CodeIgniter.php:359
[25-Aug-2014 23:12:59 Europe/London] PHP   5. CI_Migration->current() /home/amzad/dev/theroyals/src/application/controllers/migration.php:12
[25-Aug-2014 23:12:59 Europe/London] PHP   6. CI_Migration->version() /home/amzad/dev/theroyals/src/system/libraries/Migration.php:243
[25-Aug-2014 23:12:59 Europe/London] PHP   7. call_user_func() /home/amzad/dev/theroyals/src/system/libraries/Migration.php:201
[25-Aug-2014 23:12:59 Europe/London] PHP   8. Migration_Add_SetUpMigration->up() /home/amzad/dev/theroyals/src/system/libraries/Migration.php:201
[25-Aug-2014 23:13:06 Europe/London] PHP Fatal error:  Cannot assign by reference to overloaded object in /home/amzad/dev/theroyals/src/application/migrations/001_add_SetUpMigration.php on line 7
[25-Aug-2014 23:13:06 Europe/London] PHP Stack trace:
[25-Aug-2014 23:13:06 Europe/London] PHP   1. {main}() /home/amzad/dev/theroyals/src/index.php:0
[25-Aug-2014 23:13:06 Europe/London] PHP   2. require_once() /home/amzad/dev/theroyals/src/index.php:214
[25-Aug-2014 23:13:06 Europe/London] PHP   3. call_user_func_array() /home/amzad/dev/theroyals/src/system/core/CodeIgniter.php:359
[25-Aug-2014 23:13:06 Europe/London] PHP   4. Migration->index() /home/amzad/dev/theroyals/src/system/core/CodeIgniter.php:359
[25-Aug-2014 23:13:06 Europe/London] PHP   5. CI_Migration->current() /home/amzad/dev/theroyals/src/application/controllers/migration.php:12
[25-Aug-2014 23:13:06 Europe/London] PHP   6. CI_Migration->version() /home/amzad/dev/theroyals/src/system/libraries/Migration.php:243
[25-Aug-2014 23:13:06 Europe/London] PHP   7. call_user_func() /home/amzad/dev/theroyals/src/system/libraries/Migration.php:201
[25-Aug-2014 23:13:06 Europe/London] PHP   8. Migration_Add_SetUpMigration->up() /home/amzad/dev/theroyals/src/system/libraries/Migration.php:201
[26-Aug-2014 19:16:43 Europe/London] PHP Fatal error:  Maximum execution time of 300 seconds exceeded in /home/amzad/dev/theroyals/src/application/libraries/Hours.php on line 180
[26-Aug-2014 19:16:43 Europe/London] PHP Stack trace:
[26-Aug-2014 19:16:43 Europe/London] PHP   1. {main}() /home/amzad/dev/theroyals/src/index.php:0
[26-Aug-2014 19:16:43 Europe/London] PHP   2. require_once() /home/amzad/dev/theroyals/src/index.php:214
[26-Aug-2014 19:16:43 Europe/London] PHP   3. call_user_func_array() /home/amzad/dev/theroyals/src/system/core/CodeIgniter.php:359
[26-Aug-2014 19:16:43 Europe/London] PHP   4. Takeaway->order_details() /home/amzad/dev/theroyals/src/system/core/CodeIgniter.php:359
[26-Aug-2014 19:16:43 Europe/London] PHP   5. Hours->openDaysListOption() /home/amzad/dev/theroyals/src/application/controllers/takeaway.php:131
[26-Aug-2014 19:16:43 Europe/London] PHP   6. Hours->openDaysList() /home/amzad/dev/theroyals/src/application/libraries/Hours.php:197
[26-Aug-2014 21:20:11 Europe/London] PHP Parse error:  syntax error, unexpected 'migration_path' (T_STRING) in /home/amzad/dev/theroyals/src/application/config/migration.php on line 38
[26-Aug-2014 21:20:11 Europe/London] PHP Stack trace:
[26-Aug-2014 21:20:11 Europe/London] PHP   1. {main}() /home/amzad/dev/theroyals/src/index.php:0
[26-Aug-2014 21:20:11 Europe/London] PHP   2. require_once() /home/amzad/dev/theroyals/src/index.php:214
[26-Aug-2014 21:20:11 Europe/London] PHP   3. call_user_func_array() /home/amzad/dev/theroyals/src/system/core/CodeIgniter.php:359
[26-Aug-2014 21:20:11 Europe/London] PHP   4. Migration->index() /home/amzad/dev/theroyals/src/system/core/CodeIgniter.php:359
[26-Aug-2014 21:20:11 Europe/London] PHP   5. CI_Loader->library() /home/amzad/dev/theroyals/src/application/controllers/migration.php:10
[26-Aug-2014 21:20:12 Europe/London] PHP   6. CI_Loader->_ci_load_class() /home/amzad/dev/theroyals/src/system/core/Loader.php:216
[26-Aug-2014 21:20:12 Europe/London] PHP   7. CI_Loader->_ci_init_class() /home/amzad/dev/theroyals/src/system/core/Loader.php:975
[26-Aug-2014 23:29:15 Europe/London] PHP Parse error:  syntax error, unexpected '$SQL' (T_VARIABLE) in /home/amzad/dev/theroyals/src/application/migrations/008_add_GetUnID.php on line 62
[26-Aug-2014 23:29:15 Europe/London] PHP Stack trace:
[26-Aug-2014 23:29:15 Europe/London] PHP   1. {main}() /home/amzad/dev/theroyals/src/index.php:0
[26-Aug-2014 23:29:15 Europe/London] PHP   2. require_once() /home/amzad/dev/theroyals/src/index.php:214
[26-Aug-2014 23:29:15 Europe/London] PHP   3. call_user_func_array() /home/amzad/dev/theroyals/src/system/core/CodeIgniter.php:359
[26-Aug-2014 23:29:15 Europe/London] PHP   4. Migration->index() /home/amzad/dev/theroyals/src/system/core/CodeIgniter.php:359
[26-Aug-2014 23:29:15 Europe/London] PHP   5. CI_Migration->current() /home/amzad/dev/theroyals/src/application/controllers/migration.php:12
[26-Aug-2014 23:29:15 Europe/London] PHP   6. CI_Migration->version() /home/amzad/dev/theroyals/src/system/libraries/Migration.php:243
[26-Aug-2014 23:29:17 Europe/London] PHP Parse error:  syntax error, unexpected '$SQL' (T_VARIABLE) in /home/amzad/dev/theroyals/src/application/migrations/008_add_GetUnID.php on line 62
[26-Aug-2014 23:29:17 Europe/London] PHP Stack trace:
[26-Aug-2014 23:29:17 Europe/London] PHP   1. {main}() /home/amzad/dev/theroyals/src/index.php:0
[26-Aug-2014 23:29:17 Europe/London] PHP   2. require_once() /home/amzad/dev/theroyals/src/index.php:214
[26-Aug-2014 23:29:17 Europe/London] PHP   3. call_user_func_array() /home/amzad/dev/theroyals/src/system/core/CodeIgniter.php:359
[26-Aug-2014 23:29:17 Europe/London] PHP   4. Migration->index() /home/amzad/dev/theroyals/src/system/core/CodeIgniter.php:359
[26-Aug-2014 23:29:17 Europe/London] PHP   5. CI_Migration->current() /home/amzad/dev/theroyals/src/application/controllers/migration.php:12
[26-Aug-2014 23:29:17 Europe/London] PHP   6. CI_Migration->version() /home/amzad/dev/theroyals/src/system/libraries/Migration.php:243
[26-Aug-2014 23:29:56 Europe/London] PHP Parse error:  syntax error, unexpected '$SQL' (T_VARIABLE) in /home/amzad/dev/theroyals/src/application/migrations/008_add_GetUnID.php on line 62
[26-Aug-2014 23:29:56 Europe/London] PHP Stack trace:
[26-Aug-2014 23:29:56 Europe/London] PHP   1. {main}() /home/amzad/dev/theroyals/src/index.php:0
[26-Aug-2014 23:29:56 Europe/London] PHP   2. require_once() /home/amzad/dev/theroyals/src/index.php:214
[26-Aug-2014 23:29:56 Europe/London] PHP   3. call_user_func_array() /home/amzad/dev/theroyals/src/system/core/CodeIgniter.php:359
[26-Aug-2014 23:29:56 Europe/London] PHP   4. Migration->index() /home/amzad/dev/theroyals/src/system/core/CodeIgniter.php:359
[26-Aug-2014 23:29:56 Europe/London] PHP   5. CI_Migration->current() /home/amzad/dev/theroyals/src/application/controllers/migration.php:12
[26-Aug-2014 23:29:56 Europe/London] PHP   6. CI_Migration->version() /home/amzad/dev/theroyals/src/system/libraries/Migration.php:243
[26-Aug-2014 23:34:18 Europe/London] PHP Parse error:  syntax error, unexpected '$SQL' (T_VARIABLE) in /home/amzad/dev/theroyals/src/application/migrations/008_add_GetUnID.php on line 62
[26-Aug-2014 23:34:18 Europe/London] PHP Stack trace:
[26-Aug-2014 23:34:18 Europe/London] PHP   1. {main}() /home/amzad/dev/theroyals/src/index.php:0
[26-Aug-2014 23:34:18 Europe/London] PHP   2. require_once() /home/amzad/dev/theroyals/src/index.php:214
[26-Aug-2014 23:34:18 Europe/London] PHP   3. call_user_func_array() /home/amzad/dev/theroyals/src/system/core/CodeIgniter.php:359
[26-Aug-2014 23:34:18 Europe/London] PHP   4. Migration->index() /home/amzad/dev/theroyals/src/system/core/CodeIgniter.php:359
[26-Aug-2014 23:34:18 Europe/London] PHP   5. CI_Migration->current() /home/amzad/dev/theroyals/src/application/controllers/migration.php:12
[26-Aug-2014 23:34:18 Europe/London] PHP   6. CI_Migration->version() /home/amzad/dev/theroyals/src/system/libraries/Migration.php:243
[26-Aug-2014 23:34:19 Europe/London] PHP Parse error:  syntax error, unexpected '$SQL' (T_VARIABLE) in /home/amzad/dev/theroyals/src/application/migrations/008_add_GetUnID.php on line 62
[26-Aug-2014 23:34:19 Europe/London] PHP Stack trace:
[26-Aug-2014 23:34:19 Europe/London] PHP   1. {main}() /home/amzad/dev/theroyals/src/index.php:0
[26-Aug-2014 23:34:19 Europe/London] PHP   2. require_once() /home/amzad/dev/theroyals/src/index.php:214
[26-Aug-2014 23:34:19 Europe/London] PHP   3. call_user_func_array() /home/amzad/dev/theroyals/src/system/core/CodeIgniter.php:359
[26-Aug-2014 23:34:19 Europe/London] PHP   4. Migration->index() /home/amzad/dev/theroyals/src/system/core/CodeIgniter.php:359
[26-Aug-2014 23:34:19 Europe/London] PHP   5. CI_Migration->current() /home/amzad/dev/theroyals/src/application/controllers/migration.php:12
[26-Aug-2014 23:34:19 Europe/London] PHP   6. CI_Migration->version() /home/amzad/dev/theroyals/src/system/libraries/Migration.php:243
[27-Aug-2014 12:35:56 Europe/London] PHP Parse error:  syntax error, unexpected end of file in /home/amzad/dev/theroyals/src/application/views/menu/products.php on line 139
[27-Aug-2014 12:35:56 Europe/London] PHP Stack trace:
[27-Aug-2014 12:35:56 Europe/London] PHP   1. {main}() /home/amzad/dev/theroyals/src/index.php:0
[27-Aug-2014 12:35:56 Europe/London] PHP   2. require_once() /home/amzad/dev/theroyals/src/index.php:214
[27-Aug-2014 12:35:56 Europe/London] PHP   3. call_user_func_array() /home/amzad/dev/theroyals/src/system/core/CodeIgniter.php:359
[27-Aug-2014 12:35:56 Europe/London] PHP   4. Takeaway->menu() /home/amzad/dev/theroyals/src/system/core/CodeIgniter.php:359
[27-Aug-2014 12:35:56 Europe/London] PHP   5. CI_Loader->view() /home/amzad/dev/theroyals/src/application/controllers/takeaway.php:84
[27-Aug-2014 12:35:56 Europe/London] PHP   6. CI_Loader->_ci_load() /home/amzad/dev/theroyals/src/system/core/Loader.php:419
[27-Aug-2014 12:35:56 Europe/London] PHP   7. include() /home/amzad/dev/theroyals/src/system/core/Loader.php:833
[27-Aug-2014 12:35:57 Europe/London] PHP Parse error:  syntax error, unexpected end of file in /home/amzad/dev/theroyals/src/application/views/menu/products.php on line 139
[27-Aug-2014 12:35:57 Europe/London] PHP Stack trace:
[27-Aug-2014 12:35:57 Europe/London] PHP   1. {main}() /home/amzad/dev/theroyals/src/index.php:0
[27-Aug-2014 12:35:57 Europe/London] PHP   2. require_once() /home/amzad/dev/theroyals/src/index.php:214
[27-Aug-2014 12:35:57 Europe/London] PHP   3. call_user_func_array() /home/amzad/dev/theroyals/src/system/core/CodeIgniter.php:359
[27-Aug-2014 12:35:57 Europe/London] PHP   4. Takeaway->menu() /home/amzad/dev/theroyals/src/system/core/CodeIgniter.php:359
[27-Aug-2014 12:35:57 Europe/London] PHP   5. CI_Loader->view() /home/amzad/dev/theroyals/src/application/controllers/takeaway.php:84
[27-Aug-2014 12:35:57 Europe/London] PHP   6. CI_Loader->_ci_load() /home/amzad/dev/theroyals/src/system/core/Loader.php:419
[27-Aug-2014 12:35:57 Europe/London] PHP   7. include() /home/amzad/dev/theroyals/src/system/core/Loader.php:833
[30-Aug-2014 20:51:47 Europe/London] PHP Parse error:  syntax error, unexpected ':', expecting ',' or ';' in /home/amzad/dev/theroyals/src/application/models/emailm.php on line 42
[30-Aug-2014 20:51:47 Europe/London] PHP Stack trace:
[30-Aug-2014 20:51:47 Europe/London] PHP   1. {main}() /home/amzad/dev/theroyals/src/index.php:0
[30-Aug-2014 20:51:47 Europe/London] PHP   2. require_once() /home/amzad/dev/theroyals/src/index.php:214
[30-Aug-2014 20:51:47 Europe/London] PHP   3. Takeaway->__construct() /home/amzad/dev/theroyals/src/system/core/CodeIgniter.php:308
[30-Aug-2014 20:51:47 Europe/London] PHP   4. CI_Loader->model() /home/amzad/dev/theroyals/src/application/controllers/takeaway.php:23
[30-Aug-2014 20:52:05 Europe/London] PHP Fatal error:  Call to undefined function pritn_r() in /home/amzad/dev/theroyals/src/application/models/emailm.php on line 42
[30-Aug-2014 20:52:05 Europe/London] PHP Stack trace:
[30-Aug-2014 20:52:05 Europe/London] PHP   1. {main}() /home/amzad/dev/theroyals/src/index.php:0
[30-Aug-2014 20:52:05 Europe/London] PHP   2. require_once() /home/amzad/dev/theroyals/src/index.php:214
[30-Aug-2014 20:52:05 Europe/London] PHP   3. call_user_func_array() /home/amzad/dev/theroyals/src/system/core/CodeIgniter.php:359
[30-Aug-2014 20:52:05 Europe/London] PHP   4. Takeaway->data() /home/amzad/dev/theroyals/src/system/core/CodeIgniter.php:359
[30-Aug-2014 20:52:05 Europe/London] PHP   5. Emailm->send() /home/amzad/dev/theroyals/src/application/controllers/takeaway.php:63
[01-Sep-2014 12:23:32 Europe/London] PHP Fatal error:  Call to a member function get_settings() on a non-object in /home/amzad/dev/theroyals/src/application/controllers/cwdp.php on line 16
[01-Sep-2014 12:23:32 Europe/London] PHP Stack trace:
[01-Sep-2014 12:23:32 Europe/London] PHP   1. {main}() /home/amzad/dev/theroyals/src/index.php:0
[01-Sep-2014 12:23:32 Europe/London] PHP   2. require_once() /home/amzad/dev/theroyals/src/index.php:222
[01-Sep-2014 12:23:32 Europe/London] PHP   3. Cwdp->__construct() /home/amzad/dev/theroyals/src/system/core/CodeIgniter.php:308
[01-Sep-2014 13:20:13 Europe/London] PHP Fatal error:  Call to a member function current_url() on a non-object in /home/amzad/dev/theroyals/src/application/controllers/cwdp.php on line 199
[01-Sep-2014 13:20:13 Europe/London] PHP Stack trace:
[01-Sep-2014 13:20:13 Europe/London] PHP   1. {main}() /home/amzad/dev/theroyals/src/index.php:0
[01-Sep-2014 13:20:13 Europe/London] PHP   2. require_once() /home/amzad/dev/theroyals/src/index.php:222
[01-Sep-2014 13:20:13 Europe/London] PHP   3. call_user_func_array() /home/amzad/dev/theroyals/src/system/core/CodeIgniter.php:359
[01-Sep-2014 13:20:13 Europe/London] PHP   4. Cwdp->notify() /home/amzad/dev/theroyals/src/system/core/CodeIgniter.php:359
[01-Sep-2014 13:21:21 Europe/London] PHP Fatal error:  Call to a member function current_url() on a non-object in /home/amzad/dev/theroyals/src/application/controllers/cwdp.php on line 199
[01-Sep-2014 13:21:21 Europe/London] PHP Stack trace:
[01-Sep-2014 13:21:21 Europe/London] PHP   1. {main}() /home/amzad/dev/theroyals/src/index.php:0
[01-Sep-2014 13:21:21 Europe/London] PHP   2. require_once() /home/amzad/dev/theroyals/src/index.php:222
[01-Sep-2014 13:21:21 Europe/London] PHP   3. call_user_func_array() /home/amzad/dev/theroyals/src/system/core/CodeIgniter.php:359
[01-Sep-2014 13:21:21 Europe/London] PHP   4. Cwdp->notify() /home/amzad/dev/theroyals/src/system/core/CodeIgniter.php:359
[01-Sep-2014 13:21:34 Europe/London] PHP Fatal error:  Call to a member function current_url() on a non-object in /home/amzad/dev/theroyals/src/application/controllers/cwdp.php on line 199
[01-Sep-2014 13:21:34 Europe/London] PHP Stack trace:
[01-Sep-2014 13:21:34 Europe/London] PHP   1. {main}() /home/amzad/dev/theroyals/src/index.php:0
[01-Sep-2014 13:21:34 Europe/London] PHP   2. require_once() /home/amzad/dev/theroyals/src/index.php:222
[01-Sep-2014 13:21:34 Europe/London] PHP   3. call_user_func_array() /home/amzad/dev/theroyals/src/system/core/CodeIgniter.php:359
[01-Sep-2014 13:21:34 Europe/London] PHP   4. Cwdp->notify() /home/amzad/dev/theroyals/src/system/core/CodeIgniter.php:359
[01-Sep-2014 13:24:53 Europe/London] PHP Fatal error:  Call to a member function current_url() on a non-object in /home/amzad/dev/theroyals/src/application/controllers/cwdp.php on line 199
[01-Sep-2014 13:24:53 Europe/London] PHP Stack trace:
[01-Sep-2014 13:24:53 Europe/London] PHP   1. {main}() /home/amzad/dev/theroyals/src/index.php:0
[01-Sep-2014 13:24:53 Europe/London] PHP   2. require_once() /home/amzad/dev/theroyals/src/index.php:222
[01-Sep-2014 13:24:53 Europe/London] PHP   3. call_user_func_array() /home/amzad/dev/theroyals/src/system/core/CodeIgniter.php:359
[01-Sep-2014 13:24:53 Europe/London] PHP   4. Cwdp->notify() /home/amzad/dev/theroyals/src/system/core/CodeIgniter.php:359
[01-Sep-2014 13:25:44 Europe/London] PHP Fatal error:  Call to a member function current_url() on a non-object in /home/amzad/dev/theroyals/src/application/controllers/cwdp.php on line 199
[01-Sep-2014 13:25:44 Europe/London] PHP Stack trace:
[01-Sep-2014 13:25:44 Europe/London] PHP   1. {main}() /home/amzad/dev/theroyals/src/index.php:0
[01-Sep-2014 13:25:44 Europe/London] PHP   2. require_once() /home/amzad/dev/theroyals/src/index.php:222
[01-Sep-2014 13:25:44 Europe/London] PHP   3. call_user_func_array() /home/amzad/dev/theroyals/src/system/core/CodeIgniter.php:359
[01-Sep-2014 13:25:44 Europe/London] PHP   4. Cwdp->notify() /home/amzad/dev/theroyals/src/system/core/CodeIgniter.php:359
[05-Sep-2014 21:16:16 Europe/London] PHP Fatal error:  Call to undefined function do_hash() in /home/amzad/dev/theroyals/src/application/models/dbm.php on line 30
[05-Sep-2014 21:16:16 Europe/London] PHP Stack trace:
[05-Sep-2014 21:16:16 Europe/London] PHP   1. {main}() /home/amzad/dev/theroyals/src/index.php:0
[05-Sep-2014 21:16:16 Europe/London] PHP   2. require_once() /home/amzad/dev/theroyals/src/index.php:222
[05-Sep-2014 21:16:16 Europe/London] PHP   3. Takeaway->__construct() /home/amzad/dev/theroyals/src/system/core/CodeIgniter.php:308
[05-Sep-2014 21:16:16 Europe/London] PHP   4. Dbm->get_settings() /home/amzad/dev/theroyals/src/application/controllers/takeaway.php:44
[05-Sep-2014 21:56:09 Europe/London] PHP Parse error:  syntax error, unexpected '`' in /home/amzad/dev/theroyals/src/application/controllers/about.php on line 17
[05-Sep-2014 21:56:09 Europe/London] PHP Stack trace:
[05-Sep-2014 21:56:09 Europe/London] PHP   1. {main}() /home/amzad/dev/theroyals/src/index.php:0
[05-Sep-2014 21:56:09 Europe/London] PHP   2. require_once() /home/amzad/dev/theroyals/src/index.php:222
[05-Sep-2014 23:53:48 Europe/London] PHP Fatal error:  Class 'CI_Controller' not found in /home/amzad/dev/theroyals/src/system/core/CodeIgniter.php on line 233
[05-Sep-2014 23:53:48 Europe/London] PHP Stack trace:
[05-Sep-2014 23:53:48 Europe/London] PHP   1. {main}() /home/amzad/dev/theroyals/src/index.php:0
[05-Sep-2014 23:53:48 Europe/London] PHP   2. require_once() /home/amzad/dev/theroyals/src/index.php:222
[05-Sep-2014 23:53:48 Europe/London] PHP   3. load_class() /home/amzad/dev/theroyals/src/system/core/CodeIgniter.php:115
[05-Sep-2014 23:53:48 Europe/London] PHP   4. config_item() /home/amzad/dev/theroyals/src/system/core/Common.php:153
[05-Sep-2014 23:53:48 Europe/London] PHP   5. get_config() /home/amzad/dev/theroyals/src/system/core/Common.php:277
[05-Sep-2014 23:53:48 Europe/London] PHP   6. require() /home/amzad/dev/theroyals/src/system/core/Common.php:237
[05-Sep-2014 23:53:48 Europe/London] PHP   7. get_instance() /home/amzad/dev/theroyals/src/application/config/config.php:255
[05-Sep-2014 23:53:49 Europe/London] PHP Fatal error:  Class 'CI_Controller' not found in /home/amzad/dev/theroyals/src/system/core/CodeIgniter.php on line 233
[05-Sep-2014 23:53:49 Europe/London] PHP Stack trace:
[05-Sep-2014 23:53:49 Europe/London] PHP   1. {main}() /home/amzad/dev/theroyals/src/index.php:0
[05-Sep-2014 23:53:49 Europe/London] PHP   2. require_once() /home/amzad/dev/theroyals/src/index.php:222
[05-Sep-2014 23:53:49 Europe/London] PHP   3. load_class() /home/amzad/dev/theroyals/src/system/core/CodeIgniter.php:115
[05-Sep-2014 23:53:49 Europe/London] PHP   4. config_item() /home/amzad/dev/theroyals/src/system/core/Common.php:153
[05-Sep-2014 23:53:49 Europe/London] PHP   5. get_config() /home/amzad/dev/theroyals/src/system/core/Common.php:277
[05-Sep-2014 23:53:49 Europe/London] PHP   6. require() /home/amzad/dev/theroyals/src/system/core/Common.php:237
[05-Sep-2014 23:53:49 Europe/London] PHP   7. get_instance() /home/amzad/dev/theroyals/src/application/config/config.php:255
[06-Sep-2014 12:47:12 Europe/London] PHP Parse error:  syntax error, unexpected end of file in /home/amzad/dev/theroyals/src/application/views/about01/main.php on line 206
[06-Sep-2014 12:47:12 Europe/London] PHP Stack trace:
[06-Sep-2014 12:47:12 Europe/London] PHP   1. {main}() /home/amzad/dev/theroyals/src/index.php:0
[06-Sep-2014 12:47:12 Europe/London] PHP   2. require_once() /home/amzad/dev/theroyals/src/index.php:222
[06-Sep-2014 12:47:12 Europe/London] PHP   3. call_user_func_array() /home/amzad/dev/theroyals/src/system/core/CodeIgniter.php:359
[06-Sep-2014 12:47:12 Europe/London] PHP   4. About->home() /home/amzad/dev/theroyals/src/system/core/CodeIgniter.php:359
[06-Sep-2014 12:47:12 Europe/London] PHP   5. CI_Loader->view() /home/amzad/dev/theroyals/src/application/controllers/about.php:33
[06-Sep-2014 12:47:12 Europe/London] PHP   6. CI_Loader->_ci_load() /home/amzad/dev/theroyals/src/system/core/Loader.php:419
