[04-Dec-2014 11:57:14 UTC]  404 Page Not Found * <p>The page you requested was not found.</p> *  http://play.lc/ci_ion_auth/index.php/auth/loginh
[04-Dec-2014 12:49:10 UTC]  404 Page Not Found * <p>The page you requested was not found.</p> *  http://play.lc/ci_ion_auth/index.php/welcome/exportUsers
[04-Dec-2014 12:49:42 UTC] PHP Fatal error:  Call to undefined method CI_DB_mysql_result::results() in C:\Zend\Apache2\htdocs\play\ci_ion_auth\application\models\invoice.php on line 27
[04-Dec-2014 12:49:43 UTC] PHP Fatal error:  Call to undefined method CI_DB_mysql_result::results() in C:\Zend\Apache2\htdocs\play\ci_ion_auth\application\models\invoice.php on line 27
[04-Dec-2014 14:07:12 UTC] PHP Fatal error:  Call to undefined method Invoice::getTotalPayPal() in C:\Zend\Apache2\htdocs\play\ci_ion_auth\application\controllers\welcome.php on line 210
[04-Dec-2014 14:07:13 UTC] PHP Fatal error:  Call to undefined method Invoice::getTotalPayPal() in C:\Zend\Apache2\htdocs\play\ci_ion_auth\application\controllers\welcome.php on line 210
[04-Dec-2014 14:07:13 UTC] PHP Fatal error:  Call to undefined method Invoice::getTotalPayPal() in C:\Zend\Apache2\htdocs\play\ci_ion_auth\application\controllers\welcome.php on line 210
[04-Dec-2014 14:09:20 UTC] Notice * Undefined property: stdClass::$paymethod * models/invoice.php * 42 
[04-Dec-2014 14:09:20 UTC] Notice * Undefined property: stdClass::$paymethod * models/invoice.php * 42 
[04-Dec-2014 14:11:29 UTC] 4096 * Object of class stdClass could not be converted to string * controllers/welcome.php * 211 
[04-Dec-2014 14:11:30 UTC] 4096 * Object of class stdClass could not be converted to string * controllers/welcome.php * 211 
[04-Dec-2014 14:13:07 UTC] Notice * Undefined variable: total * models/invoice.php * 42 
[04-Dec-2014 14:13:07 UTC] Notice * Undefined index: count * models/invoice.php * 43 
[04-Dec-2014 14:13:39 UTC] Notice * Undefined index: total * models/invoice.php * 43 
[04-Dec-2014 14:13:39 UTC] Notice * Undefined index: count * models/invoice.php * 44 
[04-Dec-2014 14:14:23 UTC] Notice * Undefined index: count * models/invoice.php * 44 
[04-Dec-2014 14:27:15 UTC] PHP Fatal error:  Call to undefined method Invoice::_addValue() in C:\Zend\Apache2\htdocs\play\ci_ion_auth\application\models\invoice.php on line 34
[04-Dec-2014 14:42:46 UTC] Notice * Trying to get property of non-object * models/invoice.php * 36 
[04-Dec-2014 14:42:46 UTC] Notice * Undefined variable: results * models/invoice.php * 39 
[04-Dec-2014 14:43:01 UTC] Notice * Trying to get property of non-object * models/invoice.php * 37 
[04-Dec-2014 14:45:28 UTC] Notice * Trying to get property of non-object * models/invoice.php * 39 
[04-Dec-2014 14:45:29 UTC] Notice * Trying to get property of non-object * models/invoice.php * 39 
[04-Dec-2014 14:45:44 UTC] Notice * Trying to get property of non-object * models/invoice.php * 39 
[04-Dec-2014 14:46:05 UTC] Notice * Trying to get property of non-object * models/invoice.php * 39 
[04-Dec-2014 14:46:30 UTC] Notice * Trying to get property of non-object * models/invoice.php * 39 
[04-Dec-2014 14:47:36 UTC] Notice * Trying to get property of non-object * models/invoice.php * 38 
[04-Dec-2014 14:48:11 UTC] Notice * Trying to get property of non-object * models/invoice.php * 38 
[04-Dec-2014 14:54:59 UTC] Notice * Trying to get property of non-object * models/invoice.php * 60 
[04-Dec-2014 14:55:00 UTC] Notice * Trying to get property of non-object * models/invoice.php * 60 
[04-Dec-2014 14:55:00 UTC] Notice * Undefined property: stdClass::$checkout_price * models/invoice.php * 60 
[04-Dec-2014 14:55:00 UTC] Notice * Trying to get property of non-object * models/invoice.php * 60 
[04-Dec-2014 14:55:00 UTC] Notice * Trying to get property of non-object * models/invoice.php * 60 
[04-Dec-2014 14:55:00 UTC] Notice * Undefined property: stdClass::$checkout_price * models/invoice.php * 60 
[04-Dec-2014 14:55:00 UTC] Notice * Trying to get property of non-object * models/invoice.php * 91 
[04-Dec-2014 14:55:00 UTC] Notice * Trying to get property of non-object * models/invoice.php * 91 
[04-Dec-2014 14:55:00 UTC] Notice * Undefined property: stdClass::$pay_method * models/invoice.php * 91 
[04-Dec-2014 14:55:00 UTC] Notice * Trying to get property of non-object * models/invoice.php * 70 
[04-Dec-2014 14:55:00 UTC] Notice * Trying to get property of non-object * models/invoice.php * 70 
[04-Dec-2014 14:55:00 UTC] Notice * Undefined property: stdClass::$pay_method * models/invoice.php * 70 
[04-Dec-2014 14:55:00 UTC] Notice * Trying to get property of non-object * models/invoice.php * 80 
[04-Dec-2014 14:55:00 UTC] Notice * Trying to get property of non-object * models/invoice.php * 80 
[04-Dec-2014 14:55:00 UTC] Notice * Undefined property: stdClass::$pay_method * models/invoice.php * 80 
[04-Dec-2014 14:56:12 UTC] Notice * Trying to get property of non-object * models/invoice.php * 61 
[04-Dec-2014 14:56:12 UTC] Notice * Trying to get property of non-object * models/invoice.php * 61 
[04-Dec-2014 14:56:12 UTC] Notice * Undefined property: stdClass::$checkout_price * models/invoice.php * 61 
[04-Dec-2014 14:56:12 UTC] Notice * Trying to get property of non-object * models/invoice.php * 61 
[04-Dec-2014 14:56:12 UTC] Notice * Trying to get property of non-object * models/invoice.php * 61 
[04-Dec-2014 14:56:12 UTC] Notice * Undefined property: stdClass::$checkout_price * models/invoice.php * 61 
[04-Dec-2014 14:56:12 UTC] Notice * Trying to get property of non-object * models/invoice.php * 92 
[04-Dec-2014 14:56:12 UTC] Notice * Trying to get property of non-object * models/invoice.php * 92 
[04-Dec-2014 14:56:12 UTC] Notice * Undefined property: stdClass::$pay_method * models/invoice.php * 92 
[04-Dec-2014 14:56:12 UTC] Notice * Trying to get property of non-object * models/invoice.php * 71 
[04-Dec-2014 14:56:12 UTC] Notice * Trying to get property of non-object * models/invoice.php * 71 
[04-Dec-2014 14:56:12 UTC] Notice * Undefined property: stdClass::$pay_method * models/invoice.php * 71 
[04-Dec-2014 14:56:12 UTC] Notice * Trying to get property of non-object * models/invoice.php * 81 
[04-Dec-2014 14:56:12 UTC] Notice * Trying to get property of non-object * models/invoice.php * 81 
[04-Dec-2014 14:56:12 UTC] Notice * Undefined property: stdClass::$pay_method * models/invoice.php * 81 
[04-Dec-2014 15:04:37 UTC] PHP Fatal error:  Call to undefined method Invoice::removeCancelled() in C:\Zend\Apache2\htdocs\play\ci_ion_auth\application\models\invoice.php on line 28
[04-Dec-2014 15:05:03 UTC] PHP Fatal error:  Call to undefined method Invoice::removeCancelled() in C:\Zend\Apache2\htdocs\play\ci_ion_auth\application\models\invoice.php on line 28
[04-Dec-2014 15:05:17 UTC] PHP Fatal error:  Call to undefined method Invoice::removeCancelled() in C:\Zend\Apache2\htdocs\play\ci_ion_auth\application\models\invoice.php on line 28
[04-Dec-2014 15:05:33 UTC] PHP Fatal error:  Call to undefined method Invoice::removeCancelled() in C:\Zend\Apache2\htdocs\play\ci_ion_auth\application\models\invoice.php on line 28
[04-Dec-2014 15:05:34 UTC] PHP Fatal error:  Call to undefined method Invoice::removeCancelled() in C:\Zend\Apache2\htdocs\play\ci_ion_auth\application\models\invoice.php on line 28
[04-Dec-2014 15:05:34 UTC] PHP Fatal error:  Call to undefined method Invoice::removeCancelled() in C:\Zend\Apache2\htdocs\play\ci_ion_auth\application\models\invoice.php on line 28
[04-Dec-2014 15:05:58 UTC] PHP Fatal error:  Call to undefined method Invoice::removeCancelled() in C:\Zend\Apache2\htdocs\play\ci_ion_auth\application\models\invoice.php on line 28
[04-Dec-2014 15:09:47 UTC] Notice * Undefined property: stdClass::$actice * models/invoice.php * 30 
[04-Dec-2014 15:09:47 UTC] Notice * Trying to get property of non-object * models/invoice.php * 31 
[04-Dec-2014 15:09:47 UTC] Notice * Trying to get property of non-object * models/invoice.php * 32 
[04-Dec-2014 15:09:47 UTC] Notice * Trying to get property of non-object * models/invoice.php * 32 
[04-Dec-2014 15:09:47 UTC] Warning * Invalid argument supplied for foreach() * models/invoice.php * 62 
[04-Dec-2014 15:09:47 UTC] Warning * Invalid argument supplied for foreach() * models/invoice.php * 62 
[04-Dec-2014 15:09:47 UTC] Warning * Invalid argument supplied for foreach() * models/invoice.php * 93 
[04-Dec-2014 15:09:47 UTC] Warning * Invalid argument supplied for foreach() * models/invoice.php * 72 
[04-Dec-2014 15:09:47 UTC] Warning * Invalid argument supplied for foreach() * models/invoice.php * 82 
[04-Dec-2014 15:09:57 UTC] Notice * Undefined property: stdClass::$cancelled * models/invoice.php * 31 
[04-Dec-2014 15:09:57 UTC] Notice * Undefined property: stdClass::$count * models/invoice.php * 32 
[04-Dec-2014 15:09:57 UTC] Notice * Undefined property: stdClass::$total * models/invoice.php * 32 
[04-Dec-2014 15:09:57 UTC] Notice * Trying to get property of non-object * models/invoice.php * 63 
[04-Dec-2014 15:09:57 UTC] Notice * Trying to get property of non-object * models/invoice.php * 63 
[04-Dec-2014 15:09:57 UTC] Notice * Trying to get property of non-object * models/invoice.php * 63 
[04-Dec-2014 15:09:57 UTC] Notice * Trying to get property of non-object * models/invoice.php * 63 
[04-Dec-2014 15:09:57 UTC] Notice * Trying to get property of non-object * models/invoice.php * 63 
[04-Dec-2014 15:09:57 UTC] Notice * Trying to get property of non-object * models/invoice.php * 63 
[04-Dec-2014 15:09:57 UTC] Notice * Trying to get property of non-object * models/invoice.php * 63 
[04-Dec-2014 15:09:57 UTC] Notice * Trying to get property of non-object * models/invoice.php * 63 
[04-Dec-2014 15:09:57 UTC] Notice * Trying to get property of non-object * models/invoice.php * 63 
[04-Dec-2014 15:09:57 UTC] Notice * Trying to get property of non-object * models/invoice.php * 63 
[04-Dec-2014 15:09:57 UTC] Notice * Trying to get property of non-object * models/invoice.php * 63 
[04-Dec-2014 15:09:57 UTC] Notice * Trying to get property of non-object * models/invoice.php * 63 
[04-Dec-2014 15:09:57 UTC] Notice * Trying to get property of non-object * models/invoice.php * 63 
[04-Dec-2014 15:09:57 UTC] Notice * Trying to get property of non-object * models/invoice.php * 63 
[04-Dec-2014 15:09:57 UTC] Notice * Trying to get property of non-object * models/invoice.php * 63 
[04-Dec-2014 15:09:57 UTC] Notice * Trying to get property of non-object * models/invoice.php * 63 
[04-Dec-2014 15:09:57 UTC] Notice * Trying to get property of non-object * models/invoice.php * 63 
[04-Dec-2014 15:09:57 UTC] Notice * Trying to get property of non-object * models/invoice.php * 63 
[04-Dec-2014 15:09:57 UTC] Notice * Trying to get property of non-object * models/invoice.php * 63 
[04-Dec-2014 15:09:57 UTC] Notice * Trying to get property of non-object * models/invoice.php * 63 
[04-Dec-2014 15:09:57 UTC] Notice * Trying to get property of non-object * models/invoice.php * 63 
[04-Dec-2014 15:09:57 UTC] Notice * Trying to get property of non-object * models/invoice.php * 63 
[04-Dec-2014 15:09:57 UTC] Notice * Trying to get property of non-object * models/invoice.php * 63 
[04-Dec-2014 15:09:57 UTC] Notice * Trying to get property of non-object * models/invoice.php * 63 
[04-Dec-2014 15:09:57 UTC] Notice * Trying to get property of non-object * models/invoice.php * 63 
[04-Dec-2014 15:09:57 UTC] Notice * Trying to get property of non-object * models/invoice.php * 63 
[04-Dec-2014 15:09:57 UTC] Notice * Trying to get property of non-object * models/invoice.php * 63 
[04-Dec-2014 15:09:57 UTC] Notice * Trying to get property of non-object * models/invoice.php * 63 
[04-Dec-2014 15:09:57 UTC] Notice * Trying to get property of non-object * models/invoice.php * 63 
[04-Dec-2014 15:09:57 UTC] Notice * Trying to get property of non-object * models/invoice.php * 63 
[04-Dec-2014 15:09:57 UTC] Notice * Trying to get property of non-object * models/invoice.php * 63 
[04-Dec-2014 15:09:57 UTC] Notice * Trying to get property of non-object * models/invoice.php * 63 
[04-Dec-2014 15:09:57 UTC] Notice * Trying to get property of non-object * models/invoice.php * 63 
[04-Dec-2014 15:09:57 UTC] Notice * Trying to get property of non-object * models/invoice.php * 63 
[04-Dec-2014 15:09:57 UTC] Notice * Trying to get property of non-object * models/invoice.php * 63 
[04-Dec-2014 15:09:57 UTC] Notice * Trying to get property of non-object * models/invoice.php * 63 
[04-Dec-2014 15:09:57 UTC] Notice * Trying to get property of non-object * models/invoice.php * 94 
[04-Dec-2014 15:09:57 UTC] Notice * Trying to get property of non-object * models/invoice.php * 94 
[04-Dec-2014 15:09:57 UTC] Notice * Trying to get property of non-object * models/invoice.php * 94 
[04-Dec-2014 15:09:57 UTC] Notice * Trying to get property of non-object * models/invoice.php * 94 
[04-Dec-2014 15:09:57 UTC] Notice * Trying to get property of non-object * models/invoice.php * 94 
[04-Dec-2014 15:09:57 UTC] Notice * Trying to get property of non-object * models/invoice.php * 94 
[04-Dec-2014 15:09:57 UTC] Notice * Trying to get property of non-object * models/invoice.php * 94 
[04-Dec-2014 15:09:57 UTC] Notice * Trying to get property of non-object * models/invoice.php * 94 
[04-Dec-2014 15:09:57 UTC] Notice * Trying to get property of non-object * models/invoice.php * 94 
[04-Dec-2014 15:09:57 UTC] Notice * Trying to get property of non-object * models/invoice.php * 94 
[04-Dec-2014 15:09:57 UTC] Notice * Trying to get property of non-object * models/invoice.php * 94 
[04-Dec-2014 15:09:57 UTC] Notice * Trying to get property of non-object * models/invoice.php * 94 
[04-Dec-2014 15:09:58 UTC] Notice * Trying to get property of non-object * models/invoice.php * 94 
[04-Dec-2014 15:09:58 UTC] Notice * Trying to get property of non-object * models/invoice.php * 94 
[04-Dec-2014 15:09:58 UTC] Notice * Trying to get property of non-object * models/invoice.php * 94 
[04-Dec-2014 15:09:58 UTC] Notice * Trying to get property of non-object * models/invoice.php * 94 
[04-Dec-2014 15:09:58 UTC] Notice * Trying to get property of non-object * models/invoice.php * 94 
[04-Dec-2014 15:09:58 UTC] Notice * Trying to get property of non-object * models/invoice.php * 94 
[04-Dec-2014 15:09:58 UTC] Notice * Trying to get property of non-object * models/invoice.php * 73 
[04-Dec-2014 15:09:58 UTC] Notice * Trying to get property of non-object * models/invoice.php * 73 
[04-Dec-2014 15:09:58 UTC] Notice * Trying to get property of non-object * models/invoice.php * 73 
[04-Dec-2014 15:09:58 UTC] Notice * Trying to get property of non-object * models/invoice.php * 73 
[04-Dec-2014 15:09:58 UTC] Notice * Trying to get property of non-object * models/invoice.php * 73 
[04-Dec-2014 15:09:58 UTC] Notice * Trying to get property of non-object * models/invoice.php * 73 
[04-Dec-2014 15:09:58 UTC] Notice * Trying to get property of non-object * models/invoice.php * 73 
[04-Dec-2014 15:09:58 UTC] Notice * Trying to get property of non-object * models/invoice.php * 73 
[04-Dec-2014 15:09:58 UTC] Notice * Trying to get property of non-object * models/invoice.php * 73 
[04-Dec-2014 15:09:58 UTC] Notice * Trying to get property of non-object * models/invoice.php * 73 
[04-Dec-2014 15:09:58 UTC] Notice * Trying to get property of non-object * models/invoice.php * 73 
[04-Dec-2014 15:09:58 UTC] Notice * Trying to get property of non-object * models/invoice.php * 73 
[04-Dec-2014 15:09:58 UTC] Notice * Trying to get property of non-object * models/invoice.php * 73 
[04-Dec-2014 15:09:58 UTC] Notice * Trying to get property of non-object * models/invoice.php * 73 
[04-Dec-2014 15:09:58 UTC] Notice * Trying to get property of non-object * models/invoice.php * 73 
[04-Dec-2014 15:09:58 UTC] Notice * Trying to get property of non-object * models/invoice.php * 73 
[04-Dec-2014 15:09:58 UTC] Notice * Trying to get property of non-object * models/invoice.php * 73 
[04-Dec-2014 15:09:58 UTC] Notice * Trying to get property of non-object * models/invoice.php * 73 
[04-Dec-2014 15:09:58 UTC] Notice * Trying to get property of non-object * models/invoice.php * 83 
[04-Dec-2014 15:09:58 UTC] Notice * Trying to get property of non-object * models/invoice.php * 83 
[04-Dec-2014 15:09:58 UTC] Notice * Trying to get property of non-object * models/invoice.php * 83 
[04-Dec-2014 15:09:58 UTC] Notice * Trying to get property of non-object * models/invoice.php * 83 
[04-Dec-2014 15:09:58 UTC] Notice * Trying to get property of non-object * models/invoice.php * 83 
[04-Dec-2014 15:09:58 UTC] Notice * Trying to get property of non-object * models/invoice.php * 83 
[04-Dec-2014 15:09:58 UTC] Notice * Trying to get property of non-object * models/invoice.php * 83 
[04-Dec-2014 15:09:58 UTC] Notice * Trying to get property of non-object * models/invoice.php * 83 
[04-Dec-2014 15:09:58 UTC] Notice * Trying to get property of non-object * models/invoice.php * 83 
[04-Dec-2014 15:09:58 UTC] Notice * Trying to get property of non-object * models/invoice.php * 83 
[04-Dec-2014 15:09:58 UTC] Notice * Trying to get property of non-object * models/invoice.php * 83 
[04-Dec-2014 15:09:58 UTC] Notice * Trying to get property of non-object * models/invoice.php * 83 
[04-Dec-2014 15:09:58 UTC] Notice * Trying to get property of non-object * models/invoice.php * 83 
[04-Dec-2014 15:09:58 UTC] Notice * Trying to get property of non-object * models/invoice.php * 83 
[04-Dec-2014 15:09:58 UTC] Notice * Trying to get property of non-object * models/invoice.php * 83 
[04-Dec-2014 15:09:58 UTC] Notice * Trying to get property of non-object * models/invoice.php * 83 
[04-Dec-2014 15:09:58 UTC] Notice * Trying to get property of non-object * models/invoice.php * 83 
[04-Dec-2014 15:09:58 UTC] Notice * Trying to get property of non-object * models/invoice.php * 83 
[04-Dec-2014 15:10:32 UTC] Notice * Undefined property: stdClass::$cancelled * models/invoice.php * 31 
[04-Dec-2014 15:10:32 UTC] Notice * Undefined property: stdClass::$count * models/invoice.php * 32 
[04-Dec-2014 15:10:32 UTC] Notice * Undefined property: stdClass::$total * models/invoice.php * 32 
[04-Dec-2014 15:10:32 UTC] Notice * Trying to get property of non-object * models/invoice.php * 63 
[04-Dec-2014 15:10:32 UTC] Notice * Trying to get property of non-object * models/invoice.php * 63 
[04-Dec-2014 15:10:32 UTC] Notice * Trying to get property of non-object * models/invoice.php * 63 
[04-Dec-2014 15:10:32 UTC] Notice * Trying to get property of non-object * models/invoice.php * 63 
[04-Dec-2014 15:10:32 UTC] Notice * Trying to get property of non-object * models/invoice.php * 63 
[04-Dec-2014 15:10:32 UTC] Notice * Trying to get property of non-object * models/invoice.php * 63 
[04-Dec-2014 15:10:32 UTC] Notice * Trying to get property of non-object * models/invoice.php * 63 
[04-Dec-2014 15:10:32 UTC] Notice * Trying to get property of non-object * models/invoice.php * 63 
[04-Dec-2014 15:10:32 UTC] Notice * Trying to get property of non-object * models/invoice.php * 63 
[04-Dec-2014 15:10:32 UTC] Notice * Trying to get property of non-object * models/invoice.php * 63 
[04-Dec-2014 15:10:32 UTC] Notice * Trying to get property of non-object * models/invoice.php * 63 
[04-Dec-2014 15:10:32 UTC] Notice * Trying to get property of non-object * models/invoice.php * 63 
[04-Dec-2014 15:10:32 UTC] Notice * Trying to get property of non-object * models/invoice.php * 63 
[04-Dec-2014 15:10:32 UTC] Notice * Trying to get property of non-object * models/invoice.php * 63 
[04-Dec-2014 15:10:32 UTC] Notice * Trying to get property of non-object * models/invoice.php * 63 
[04-Dec-2014 15:10:32 UTC] Notice * Trying to get property of non-object * models/invoice.php * 63 
[04-Dec-2014 15:10:32 UTC] Notice * Trying to get property of non-object * models/invoice.php * 63 
[04-Dec-2014 15:10:32 UTC] Notice * Trying to get property of non-object * models/invoice.php * 63 
[04-Dec-2014 15:10:32 UTC] Notice * Trying to get property of non-object * models/invoice.php * 63 
[04-Dec-2014 15:10:32 UTC] Notice * Trying to get property of non-object * models/invoice.php * 63 
[04-Dec-2014 15:10:32 UTC] Notice * Trying to get property of non-object * models/invoice.php * 63 
[04-Dec-2014 15:10:32 UTC] Notice * Trying to get property of non-object * models/invoice.php * 63 
[04-Dec-2014 15:10:32 UTC] Notice * Trying to get property of non-object * models/invoice.php * 63 
[04-Dec-2014 15:10:32 UTC] Notice * Trying to get property of non-object * models/invoice.php * 63 
[04-Dec-2014 15:10:32 UTC] Notice * Trying to get property of non-object * models/invoice.php * 63 
[04-Dec-2014 15:10:32 UTC] Notice * Trying to get property of non-object * models/invoice.php * 63 
[04-Dec-2014 15:10:32 UTC] Notice * Trying to get property of non-object * models/invoice.php * 63 
[04-Dec-2014 15:10:32 UTC] Notice * Trying to get property of non-object * models/invoice.php * 63 
[04-Dec-2014 15:10:32 UTC] Notice * Trying to get property of non-object * models/invoice.php * 63 
[04-Dec-2014 15:10:32 UTC] Notice * Trying to get property of non-object * models/invoice.php * 63 
[04-Dec-2014 15:10:32 UTC] Notice * Trying to get property of non-object * models/invoice.php * 63 
[04-Dec-2014 15:10:32 UTC] Notice * Trying to get property of non-object * models/invoice.php * 63 
[04-Dec-2014 15:10:32 UTC] Notice * Trying to get property of non-object * models/invoice.php * 63 
[04-Dec-2014 15:10:32 UTC] Notice * Trying to get property of non-object * models/invoice.php * 63 
[04-Dec-2014 15:10:32 UTC] Notice * Trying to get property of non-object * models/invoice.php * 63 
[04-Dec-2014 15:10:32 UTC] Notice * Trying to get property of non-object * models/invoice.php * 63 
[04-Dec-2014 15:10:32 UTC] Notice * Trying to get property of non-object * models/invoice.php * 94 
[04-Dec-2014 15:10:32 UTC] Notice * Trying to get property of non-object * models/invoice.php * 94 
[04-Dec-2014 15:10:32 UTC] Notice * Trying to get property of non-object * models/invoice.php * 94 
[04-Dec-2014 15:10:32 UTC] Notice * Trying to get property of non-object * models/invoice.php * 94 
[04-Dec-2014 15:10:32 UTC] Notice * Trying to get property of non-object * models/invoice.php * 94 
[04-Dec-2014 15:10:32 UTC] Notice * Trying to get property of non-object * models/invoice.php * 94 
[04-Dec-2014 15:10:32 UTC] Notice * Trying to get property of non-object * models/invoice.php * 94 
[04-Dec-2014 15:10:32 UTC] Notice * Trying to get property of non-object * models/invoice.php * 94 
[04-Dec-2014 15:10:32 UTC] Notice * Trying to get property of non-object * models/invoice.php * 94 
[04-Dec-2014 15:10:32 UTC] Notice * Trying to get property of non-object * models/invoice.php * 94 
[04-Dec-2014 15:10:32 UTC] Notice * Trying to get property of non-object * models/invoice.php * 94 
[04-Dec-2014 15:10:32 UTC] Notice * Trying to get property of non-object * models/invoice.php * 94 
[04-Dec-2014 15:10:32 UTC] Notice * Trying to get property of non-object * models/invoice.php * 94 
[04-Dec-2014 15:10:32 UTC] Notice * Trying to get property of non-object * models/invoice.php * 94 
[04-Dec-2014 15:10:32 UTC] Notice * Trying to get property of non-object * models/invoice.php * 94 
[04-Dec-2014 15:10:32 UTC] Notice * Trying to get property of non-object * models/invoice.php * 94 
[04-Dec-2014 15:10:32 UTC] Notice * Trying to get property of non-object * models/invoice.php * 94 
[04-Dec-2014 15:10:32 UTC] Notice * Trying to get property of non-object * models/invoice.php * 94 
[04-Dec-2014 15:10:32 UTC] Notice * Trying to get property of non-object * models/invoice.php * 73 
[04-Dec-2014 15:10:32 UTC] Notice * Trying to get property of non-object * models/invoice.php * 73 
[04-Dec-2014 15:10:32 UTC] Notice * Trying to get property of non-object * models/invoice.php * 73 
[04-Dec-2014 15:10:32 UTC] Notice * Trying to get property of non-object * models/invoice.php * 73 
[04-Dec-2014 15:10:32 UTC] Notice * Trying to get property of non-object * models/invoice.php * 73 
[04-Dec-2014 15:10:32 UTC] Notice * Trying to get property of non-object * models/invoice.php * 73 
[04-Dec-2014 15:10:32 UTC] Notice * Trying to get property of non-object * models/invoice.php * 73 
[04-Dec-2014 15:10:32 UTC] Notice * Trying to get property of non-object * models/invoice.php * 73 
[04-Dec-2014 15:10:32 UTC] Notice * Trying to get property of non-object * models/invoice.php * 73 
[04-Dec-2014 15:10:32 UTC] Notice * Trying to get property of non-object * models/invoice.php * 73 
[04-Dec-2014 15:10:32 UTC] Notice * Trying to get property of non-object * models/invoice.php * 73 
[04-Dec-2014 15:10:32 UTC] Notice * Trying to get property of non-object * models/invoice.php * 73 
[04-Dec-2014 15:10:32 UTC] Notice * Trying to get property of non-object * models/invoice.php * 73 
[04-Dec-2014 15:10:32 UTC] Notice * Trying to get property of non-object * models/invoice.php * 73 
[04-Dec-2014 15:10:32 UTC] Notice * Trying to get property of non-object * models/invoice.php * 73 
[04-Dec-2014 15:10:32 UTC] Notice * Trying to get property of non-object * models/invoice.php * 73 
[04-Dec-2014 15:10:32 UTC] Notice * Trying to get property of non-object * models/invoice.php * 73 
[04-Dec-2014 15:10:32 UTC] Notice * Trying to get property of non-object * models/invoice.php * 73 
[04-Dec-2014 15:10:32 UTC] Notice * Trying to get property of non-object * models/invoice.php * 83 
[04-Dec-2014 15:10:32 UTC] Notice * Trying to get property of non-object * models/invoice.php * 83 
[04-Dec-2014 15:10:32 UTC] Notice * Trying to get property of non-object * models/invoice.php * 83 
[04-Dec-2014 15:10:32 UTC] Notice * Trying to get property of non-object * models/invoice.php * 83 
[04-Dec-2014 15:10:32 UTC] Notice * Trying to get property of non-object * models/invoice.php * 83 
[04-Dec-2014 15:10:32 UTC] Notice * Trying to get property of non-object * models/invoice.php * 83 
[04-Dec-2014 15:10:32 UTC] Notice * Trying to get property of non-object * models/invoice.php * 83 
[04-Dec-2014 15:10:32 UTC] Notice * Trying to get property of non-object * models/invoice.php * 83 
[04-Dec-2014 15:10:32 UTC] Notice * Trying to get property of non-object * models/invoice.php * 83 
[04-Dec-2014 15:10:32 UTC] Notice * Trying to get property of non-object * models/invoice.php * 83 
[04-Dec-2014 15:10:32 UTC] Notice * Trying to get property of non-object * models/invoice.php * 83 
[04-Dec-2014 15:10:32 UTC] Notice * Trying to get property of non-object * models/invoice.php * 83 
[04-Dec-2014 15:10:32 UTC] Notice * Trying to get property of non-object * models/invoice.php * 83 
[04-Dec-2014 15:10:32 UTC] Notice * Trying to get property of non-object * models/invoice.php * 83 
[04-Dec-2014 15:10:32 UTC] Notice * Trying to get property of non-object * models/invoice.php * 83 
[04-Dec-2014 15:10:32 UTC] Notice * Trying to get property of non-object * models/invoice.php * 83 
[04-Dec-2014 15:10:32 UTC] Notice * Trying to get property of non-object * models/invoice.php * 83 
[04-Dec-2014 15:10:32 UTC] Notice * Trying to get property of non-object * models/invoice.php * 83 
[04-Dec-2014 15:11:08 UTC] Notice * Trying to get property of non-object * models/invoice.php * 63 
[04-Dec-2014 15:11:08 UTC] Notice * Trying to get property of non-object * models/invoice.php * 63 
[04-Dec-2014 15:11:08 UTC] Notice * Trying to get property of non-object * models/invoice.php * 63 
[04-Dec-2014 15:11:08 UTC] Notice * Trying to get property of non-object * models/invoice.php * 63 
[04-Dec-2014 15:11:08 UTC] Notice * Trying to get property of non-object * models/invoice.php * 63 
[04-Dec-2014 15:11:08 UTC] Notice * Trying to get property of non-object * models/invoice.php * 63 
[04-Dec-2014 15:11:08 UTC] Notice * Trying to get property of non-object * models/invoice.php * 63 
[04-Dec-2014 15:11:08 UTC] Notice * Trying to get property of non-object * models/invoice.php * 63 
[04-Dec-2014 15:11:08 UTC] Notice * Trying to get property of non-object * models/invoice.php * 63 
[04-Dec-2014 15:11:08 UTC] Notice * Trying to get property of non-object * models/invoice.php * 63 
[04-Dec-2014 15:11:08 UTC] Notice * Trying to get property of non-object * models/invoice.php * 63 
[04-Dec-2014 15:11:08 UTC] Notice * Trying to get property of non-object * models/invoice.php * 63 
[04-Dec-2014 15:11:08 UTC] Notice * Trying to get property of non-object * models/invoice.php * 63 
[04-Dec-2014 15:11:08 UTC] Notice * Trying to get property of non-object * models/invoice.php * 63 
[04-Dec-2014 15:11:08 UTC] Notice * Trying to get property of non-object * models/invoice.php * 63 
[04-Dec-2014 15:11:08 UTC] Notice * Trying to get property of non-object * models/invoice.php * 63 
[04-Dec-2014 15:11:08 UTC] Notice * Trying to get property of non-object * models/invoice.php * 63 
[04-Dec-2014 15:11:08 UTC] Notice * Trying to get property of non-object * models/invoice.php * 63 
[04-Dec-2014 15:11:08 UTC] Notice * Trying to get property of non-object * models/invoice.php * 63 
[04-Dec-2014 15:11:08 UTC] Notice * Trying to get property of non-object * models/invoice.php * 63 
[04-Dec-2014 15:11:08 UTC] Notice * Trying to get property of non-object * models/invoice.php * 63 
[04-Dec-2014 15:11:08 UTC] Notice * Trying to get property of non-object * models/invoice.php * 63 
[04-Dec-2014 15:11:08 UTC] Notice * Trying to get property of non-object * models/invoice.php * 63 
[04-Dec-2014 15:11:08 UTC] Notice * Trying to get property of non-object * models/invoice.php * 63 
[04-Dec-2014 15:11:08 UTC] Notice * Trying to get property of non-object * models/invoice.php * 63 
[04-Dec-2014 15:11:08 UTC] Notice * Trying to get property of non-object * models/invoice.php * 63 
[04-Dec-2014 15:11:08 UTC] Notice * Trying to get property of non-object * models/invoice.php * 63 
[04-Dec-2014 15:11:08 UTC] Notice * Trying to get property of non-object * models/invoice.php * 63 
[04-Dec-2014 15:11:08 UTC] Notice * Trying to get property of non-object * models/invoice.php * 63 
[04-Dec-2014 15:11:08 UTC] Notice * Trying to get property of non-object * models/invoice.php * 63 
[04-Dec-2014 15:11:08 UTC] Notice * Trying to get property of non-object * models/invoice.php * 63 
[04-Dec-2014 15:11:08 UTC] Notice * Trying to get property of non-object * models/invoice.php * 63 
[04-Dec-2014 15:11:08 UTC] Notice * Trying to get property of non-object * models/invoice.php * 63 
[04-Dec-2014 15:11:08 UTC] Notice * Trying to get property of non-object * models/invoice.php * 63 
[04-Dec-2014 15:11:08 UTC] Notice * Trying to get property of non-object * models/invoice.php * 63 
[04-Dec-2014 15:11:08 UTC] Notice * Trying to get property of non-object * models/invoice.php * 63 
[04-Dec-2014 15:11:08 UTC] Notice * Trying to get property of non-object * models/invoice.php * 94 
[04-Dec-2014 15:11:08 UTC] Notice * Trying to get property of non-object * models/invoice.php * 94 
[04-Dec-2014 15:11:08 UTC] Notice * Trying to get property of non-object * models/invoice.php * 94 
[04-Dec-2014 15:11:08 UTC] Notice * Trying to get property of non-object * models/invoice.php * 94 
[04-Dec-2014 15:11:08 UTC] Notice * Trying to get property of non-object * models/invoice.php * 94 
[04-Dec-2014 15:11:08 UTC] Notice * Trying to get property of non-object * models/invoice.php * 94 
[04-Dec-2014 15:11:08 UTC] Notice * Trying to get property of non-object * models/invoice.php * 94 
[04-Dec-2014 15:11:08 UTC] Notice * Trying to get property of non-object * models/invoice.php * 94 
[04-Dec-2014 15:11:08 UTC] Notice * Trying to get property of non-object * models/invoice.php * 94 
[04-Dec-2014 15:11:08 UTC] Notice * Trying to get property of non-object * models/invoice.php * 94 
[04-Dec-2014 15:11:08 UTC] Notice * Trying to get property of non-object * models/invoice.php * 94 
[04-Dec-2014 15:11:08 UTC] Notice * Trying to get property of non-object * models/invoice.php * 94 
[04-Dec-2014 15:11:08 UTC] Notice * Trying to get property of non-object * models/invoice.php * 94 
[04-Dec-2014 15:11:08 UTC] Notice * Trying to get property of non-object * models/invoice.php * 94 
[04-Dec-2014 15:11:08 UTC] Notice * Trying to get property of non-object * models/invoice.php * 94 
[04-Dec-2014 15:11:08 UTC] Notice * Trying to get property of non-object * models/invoice.php * 94 
[04-Dec-2014 15:11:08 UTC] Notice * Trying to get property of non-object * models/invoice.php * 94 
[04-Dec-2014 15:11:08 UTC] Notice * Trying to get property of non-object * models/invoice.php * 94 
[04-Dec-2014 15:11:08 UTC] Notice * Trying to get property of non-object * models/invoice.php * 73 
[04-Dec-2014 15:11:08 UTC] Notice * Trying to get property of non-object * models/invoice.php * 73 
[04-Dec-2014 15:11:08 UTC] Notice * Trying to get property of non-object * models/invoice.php * 73 
[04-Dec-2014 15:11:08 UTC] Notice * Trying to get property of non-object * models/invoice.php * 73 
[04-Dec-2014 15:11:08 UTC] Notice * Trying to get property of non-object * models/invoice.php * 73 
[04-Dec-2014 15:11:08 UTC] Notice * Trying to get property of non-object * models/invoice.php * 73 
[04-Dec-2014 15:11:08 UTC] Notice * Trying to get property of non-object * models/invoice.php * 73 
[04-Dec-2014 15:11:08 UTC] Notice * Trying to get property of non-object * models/invoice.php * 73 
[04-Dec-2014 15:11:08 UTC] Notice * Trying to get property of non-object * models/invoice.php * 73 
[04-Dec-2014 15:11:08 UTC] Notice * Trying to get property of non-object * models/invoice.php * 73 
[04-Dec-2014 15:11:08 UTC] Notice * Trying to get property of non-object * models/invoice.php * 73 
[04-Dec-2014 15:11:08 UTC] Notice * Trying to get property of non-object * models/invoice.php * 73 
[04-Dec-2014 15:11:08 UTC] Notice * Trying to get property of non-object * models/invoice.php * 73 
[04-Dec-2014 15:11:08 UTC] Notice * Trying to get property of non-object * models/invoice.php * 73 
[04-Dec-2014 15:11:08 UTC] Notice * Trying to get property of non-object * models/invoice.php * 73 
[04-Dec-2014 15:11:08 UTC] Notice * Trying to get property of non-object * models/invoice.php * 73 
[04-Dec-2014 15:11:08 UTC] Notice * Trying to get property of non-object * models/invoice.php * 73 
[04-Dec-2014 15:11:08 UTC] Notice * Trying to get property of non-object * models/invoice.php * 73 
[04-Dec-2014 15:11:08 UTC] Notice * Trying to get property of non-object * models/invoice.php * 83 
[04-Dec-2014 15:11:08 UTC] Notice * Trying to get property of non-object * models/invoice.php * 83 
[04-Dec-2014 15:11:08 UTC] Notice * Trying to get property of non-object * models/invoice.php * 83 
[04-Dec-2014 15:11:08 UTC] Notice * Trying to get property of non-object * models/invoice.php * 83 
[04-Dec-2014 15:11:08 UTC] Notice * Trying to get property of non-object * models/invoice.php * 83 
[04-Dec-2014 15:11:08 UTC] Notice * Trying to get property of non-object * models/invoice.php * 83 
[04-Dec-2014 15:11:08 UTC] Notice * Trying to get property of non-object * models/invoice.php * 83 
[04-Dec-2014 15:11:08 UTC] Notice * Trying to get property of non-object * models/invoice.php * 83 
[04-Dec-2014 15:11:08 UTC] Notice * Trying to get property of non-object * models/invoice.php * 83 
[04-Dec-2014 15:11:08 UTC] Notice * Trying to get property of non-object * models/invoice.php * 83 
[04-Dec-2014 15:11:08 UTC] Notice * Trying to get property of non-object * models/invoice.php * 83 
[04-Dec-2014 15:11:08 UTC] Notice * Trying to get property of non-object * models/invoice.php * 83 
[04-Dec-2014 15:11:08 UTC] Notice * Trying to get property of non-object * models/invoice.php * 83 
[04-Dec-2014 15:11:08 UTC] Notice * Trying to get property of non-object * models/invoice.php * 83 
[04-Dec-2014 15:11:08 UTC] Notice * Trying to get property of non-object * models/invoice.php * 83 
[04-Dec-2014 15:11:08 UTC] Notice * Trying to get property of non-object * models/invoice.php * 83 
[04-Dec-2014 15:11:08 UTC] Notice * Trying to get property of non-object * models/invoice.php * 83 
[04-Dec-2014 15:11:08 UTC] Notice * Trying to get property of non-object * models/invoice.php * 83 
[04-Dec-2014 15:11:29 UTC] Notice * Trying to get property of non-object * models/invoice.php * 65 
[04-Dec-2014 15:11:29 UTC] Notice * Trying to get property of non-object * models/invoice.php * 65 
[04-Dec-2014 15:11:29 UTC] Notice * Trying to get property of non-object * models/invoice.php * 65 
[04-Dec-2014 15:11:29 UTC] Notice * Trying to get property of non-object * models/invoice.php * 65 
[04-Dec-2014 15:11:29 UTC] Notice * Trying to get property of non-object * models/invoice.php * 65 
[04-Dec-2014 15:11:29 UTC] Notice * Trying to get property of non-object * models/invoice.php * 65 
[04-Dec-2014 15:11:29 UTC] Notice * Trying to get property of non-object * models/invoice.php * 65 
[04-Dec-2014 15:11:29 UTC] Notice * Trying to get property of non-object * models/invoice.php * 65 
[04-Dec-2014 15:11:29 UTC] Notice * Trying to get property of non-object * models/invoice.php * 65 
[04-Dec-2014 15:11:29 UTC] Notice * Trying to get property of non-object * models/invoice.php * 65 
[04-Dec-2014 15:11:29 UTC] Notice * Trying to get property of non-object * models/invoice.php * 65 
[04-Dec-2014 15:11:29 UTC] Notice * Trying to get property of non-object * models/invoice.php * 65 
[04-Dec-2014 15:11:29 UTC] Notice * Trying to get property of non-object * models/invoice.php * 65 
[04-Dec-2014 15:11:29 UTC] Notice * Trying to get property of non-object * models/invoice.php * 65 
[04-Dec-2014 15:11:29 UTC] Notice * Trying to get property of non-object * models/invoice.php * 65 
[04-Dec-2014 15:11:29 UTC] Notice * Trying to get property of non-object * models/invoice.php * 65 
[04-Dec-2014 15:11:29 UTC] Notice * Trying to get property of non-object * models/invoice.php * 65 
[04-Dec-2014 15:11:29 UTC] Notice * Trying to get property of non-object * models/invoice.php * 65 
[04-Dec-2014 15:11:29 UTC] Notice * Trying to get property of non-object * models/invoice.php * 65 
[04-Dec-2014 15:11:29 UTC] Notice * Trying to get property of non-object * models/invoice.php * 65 
[04-Dec-2014 15:11:29 UTC] Notice * Trying to get property of non-object * models/invoice.php * 65 
[04-Dec-2014 15:11:29 UTC] Notice * Trying to get property of non-object * models/invoice.php * 65 
[04-Dec-2014 15:11:29 UTC] Notice * Trying to get property of non-object * models/invoice.php * 65 
[04-Dec-2014 15:11:29 UTC] Notice * Trying to get property of non-object * models/invoice.php * 65 
[04-Dec-2014 15:11:29 UTC] Notice * Trying to get property of non-object * models/invoice.php * 65 
[04-Dec-2014 15:11:29 UTC] Notice * Trying to get property of non-object * models/invoice.php * 65 
[04-Dec-2014 15:11:29 UTC] Notice * Trying to get property of non-object * models/invoice.php * 65 
[04-Dec-2014 15:11:29 UTC] Notice * Trying to get property of non-object * models/invoice.php * 65 
[04-Dec-2014 15:11:29 UTC] Notice * Trying to get property of non-object * models/invoice.php * 65 
[04-Dec-2014 15:11:29 UTC] Notice * Trying to get property of non-object * models/invoice.php * 65 
[04-Dec-2014 15:11:29 UTC] Notice * Trying to get property of non-object * models/invoice.php * 65 
[04-Dec-2014 15:11:29 UTC] Notice * Trying to get property of non-object * models/invoice.php * 65 
[04-Dec-2014 15:11:29 UTC] Notice * Trying to get property of non-object * models/invoice.php * 65 
[04-Dec-2014 15:11:29 UTC] Notice * Trying to get property of non-object * models/invoice.php * 65 
[04-Dec-2014 15:11:29 UTC] Notice * Trying to get property of non-object * models/invoice.php * 65 
[04-Dec-2014 15:11:29 UTC] Notice * Trying to get property of non-object * models/invoice.php * 65 
[04-Dec-2014 15:11:29 UTC] Notice * Trying to get property of non-object * models/invoice.php * 96 
[04-Dec-2014 15:11:29 UTC] Notice * Trying to get property of non-object * models/invoice.php * 96 
[04-Dec-2014 15:11:29 UTC] Notice * Trying to get property of non-object * models/invoice.php * 96 
[04-Dec-2014 15:11:29 UTC] Notice * Trying to get property of non-object * models/invoice.php * 96 
[04-Dec-2014 15:11:29 UTC] Notice * Trying to get property of non-object * models/invoice.php * 96 
[04-Dec-2014 15:11:29 UTC] Notice * Trying to get property of non-object * models/invoice.php * 96 
[04-Dec-2014 15:11:29 UTC] Notice * Trying to get property of non-object * models/invoice.php * 96 
[04-Dec-2014 15:11:29 UTC] Notice * Trying to get property of non-object * models/invoice.php * 96 
[04-Dec-2014 15:11:29 UTC] Notice * Trying to get property of non-object * models/invoice.php * 96 
[04-Dec-2014 15:11:29 UTC] Notice * Trying to get property of non-object * models/invoice.php * 96 
[04-Dec-2014 15:11:29 UTC] Notice * Trying to get property of non-object * models/invoice.php * 96 
[04-Dec-2014 15:11:29 UTC] Notice * Trying to get property of non-object * models/invoice.php * 96 
[04-Dec-2014 15:11:29 UTC] Notice * Trying to get property of non-object * models/invoice.php * 96 
[04-Dec-2014 15:11:29 UTC] Notice * Trying to get property of non-object * models/invoice.php * 96 
[04-Dec-2014 15:11:29 UTC] Notice * Trying to get property of non-object * models/invoice.php * 96 
[04-Dec-2014 15:11:29 UTC] Notice * Trying to get property of non-object * models/invoice.php * 96 
[04-Dec-2014 15:11:29 UTC] Notice * Trying to get property of non-object * models/invoice.php * 96 
[04-Dec-2014 15:11:29 UTC] Notice * Trying to get property of non-object * models/invoice.php * 96 
[04-Dec-2014 15:11:29 UTC] Notice * Trying to get property of non-object * models/invoice.php * 75 
[04-Dec-2014 15:11:29 UTC] Notice * Trying to get property of non-object * models/invoice.php * 75 
[04-Dec-2014 15:11:29 UTC] Notice * Trying to get property of non-object * models/invoice.php * 75 
[04-Dec-2014 15:11:29 UTC] Notice * Trying to get property of non-object * models/invoice.php * 75 
[04-Dec-2014 15:11:29 UTC] Notice * Trying to get property of non-object * models/invoice.php * 75 
[04-Dec-2014 15:11:29 UTC] Notice * Trying to get property of non-object * models/invoice.php * 75 
[04-Dec-2014 15:11:29 UTC] Notice * Trying to get property of non-object * models/invoice.php * 75 
[04-Dec-2014 15:11:29 UTC] Notice * Trying to get property of non-object * models/invoice.php * 75 
[04-Dec-2014 15:11:29 UTC] Notice * Trying to get property of non-object * models/invoice.php * 75 
[04-Dec-2014 15:11:29 UTC] Notice * Trying to get property of non-object * models/invoice.php * 75 
[04-Dec-2014 15:11:29 UTC] Notice * Trying to get property of non-object * models/invoice.php * 75 
[04-Dec-2014 15:11:29 UTC] Notice * Trying to get property of non-object * models/invoice.php * 75 
[04-Dec-2014 15:11:29 UTC] Notice * Trying to get property of non-object * models/invoice.php * 75 
[04-Dec-2014 15:11:29 UTC] Notice * Trying to get property of non-object * models/invoice.php * 75 
[04-Dec-2014 15:11:29 UTC] Notice * Trying to get property of non-object * models/invoice.php * 75 
[04-Dec-2014 15:11:29 UTC] Notice * Trying to get property of non-object * models/invoice.php * 75 
[04-Dec-2014 15:11:29 UTC] Notice * Trying to get property of non-object * models/invoice.php * 75 
[04-Dec-2014 15:11:29 UTC] Notice * Trying to get property of non-object * models/invoice.php * 75 
[04-Dec-2014 15:11:29 UTC] Notice * Trying to get property of non-object * models/invoice.php * 85 
[04-Dec-2014 15:11:29 UTC] Notice * Trying to get property of non-object * models/invoice.php * 85 
[04-Dec-2014 15:11:29 UTC] Notice * Trying to get property of non-object * models/invoice.php * 85 
[04-Dec-2014 15:11:29 UTC] Notice * Trying to get property of non-object * models/invoice.php * 85 
[04-Dec-2014 15:11:29 UTC] Notice * Trying to get property of non-object * models/invoice.php * 85 
[04-Dec-2014 15:11:29 UTC] Notice * Trying to get property of non-object * models/invoice.php * 85 
[04-Dec-2014 15:11:29 UTC] Notice * Trying to get property of non-object * models/invoice.php * 85 
[04-Dec-2014 15:11:29 UTC] Notice * Trying to get property of non-object * models/invoice.php * 85 
[04-Dec-2014 15:11:29 UTC] Notice * Trying to get property of non-object * models/invoice.php * 85 
[04-Dec-2014 15:11:29 UTC] Notice * Trying to get property of non-object * models/invoice.php * 85 
[04-Dec-2014 15:11:29 UTC] Notice * Trying to get property of non-object * models/invoice.php * 85 
[04-Dec-2014 15:11:29 UTC] Notice * Trying to get property of non-object * models/invoice.php * 85 
[04-Dec-2014 15:11:29 UTC] Notice * Trying to get property of non-object * models/invoice.php * 85 
[04-Dec-2014 15:11:29 UTC] Notice * Trying to get property of non-object * models/invoice.php * 85 
[04-Dec-2014 15:11:29 UTC] Notice * Trying to get property of non-object * models/invoice.php * 85 
[04-Dec-2014 15:11:29 UTC] Notice * Trying to get property of non-object * models/invoice.php * 85 
[04-Dec-2014 15:11:29 UTC] Notice * Trying to get property of non-object * models/invoice.php * 85 
[04-Dec-2014 15:11:29 UTC] Notice * Trying to get property of non-object * models/invoice.php * 85 
[04-Dec-2014 15:12:38 UTC] Warning * Invalid argument supplied for foreach() * models/invoice.php * 64 
[04-Dec-2014 15:12:38 UTC] Warning * Invalid argument supplied for foreach() * models/invoice.php * 64 
[04-Dec-2014 15:12:38 UTC] Warning * Invalid argument supplied for foreach() * models/invoice.php * 95 
[04-Dec-2014 15:12:38 UTC] Warning * Invalid argument supplied for foreach() * models/invoice.php * 74 
[04-Dec-2014 15:12:38 UTC] Warning * Invalid argument supplied for foreach() * models/invoice.php * 84 
[04-Dec-2014 15:17:26 UTC] Notice * Undefined variable: cancelled * models/invoice.php * 52 
[04-Dec-2014 15:18:00 UTC] Warning * Cannot use a scalar value as an array * models/invoice.php * 48 
[04-Dec-2014 15:18:00 UTC] Warning * Cannot use a scalar value as an array * models/invoice.php * 48 
[04-Dec-2014 15:18:00 UTC] Warning * Invalid argument supplied for foreach() * models/invoice.php * 63 
[04-Dec-2014 15:18:00 UTC] Warning * Invalid argument supplied for foreach() * models/invoice.php * 63 
[04-Dec-2014 15:18:00 UTC] Warning * Invalid argument supplied for foreach() * models/invoice.php * 94 
[04-Dec-2014 15:18:00 UTC] Warning * Invalid argument supplied for foreach() * models/invoice.php * 73 
[04-Dec-2014 15:18:00 UTC] Warning * Invalid argument supplied for foreach() * models/invoice.php * 83 
[04-Dec-2014 15:46:07 UTC] PHP Fatal error:  Call to undefined function genReport() in C:\Zend\Apache2\htdocs\play\ci_ion_auth\application\models\invoice.php on line 32
[04-Dec-2014 15:46:23 UTC] PHP Fatal error:  Call to undefined function genReport() in C:\Zend\Apache2\htdocs\play\ci_ion_auth\application\models\invoice.php on line 32
[04-Dec-2014 15:46:52 UTC] PHP Fatal error:  Call to undefined function genReport() in C:\Zend\Apache2\htdocs\play\ci_ion_auth\application\models\invoice.php on line 32
[04-Dec-2014 15:46:52 UTC] PHP Fatal error:  Call to undefined function genReport() in C:\Zend\Apache2\htdocs\play\ci_ion_auth\application\models\invoice.php on line 32
[04-Dec-2014 16:00:42 UTC] PHP Fatal error:  Call to undefined method CI_DB_mysql_result::where() in C:\Zend\Apache2\htdocs\play\ci_ion_auth\application\models\invoice.php on line 71
[04-Dec-2014 16:00:42 UTC] PHP Fatal error:  Call to undefined method CI_DB_mysql_result::where() in C:\Zend\Apache2\htdocs\play\ci_ion_auth\application\models\invoice.php on line 71
[04-Dec-2014 16:00:43 UTC] PHP Fatal error:  Call to undefined method CI_DB_mysql_result::where() in C:\Zend\Apache2\htdocs\play\ci_ion_auth\application\models\invoice.php on line 71
[04-Dec-2014 16:01:00 UTC] PHP Fatal error:  Call to undefined method CI_DB_mysql_result::where() in C:\Zend\Apache2\htdocs\play\ci_ion_auth\application\models\invoice.php on line 71
[04-Dec-2014 16:01:10 UTC] PHP Fatal error:  Call to undefined method CI_DB_mysql_result::where() in C:\Zend\Apache2\htdocs\play\ci_ion_auth\application\models\invoice.php on line 71
[04-Dec-2014 16:01:11 UTC] PHP Fatal error:  Call to undefined method CI_DB_mysql_result::where() in C:\Zend\Apache2\htdocs\play\ci_ion_auth\application\models\invoice.php on line 71
[04-Dec-2014 16:01:14 UTC] PHP Fatal error:  Call to undefined method CI_DB_mysql_result::where() in C:\Zend\Apache2\htdocs\play\ci_ion_auth\application\models\invoice.php on line 71
[04-Dec-2014 16:02:03 UTC] PHP Fatal error:  Call to undefined method CI_DB_mysql_result::where() in C:\Zend\Apache2\htdocs\play\ci_ion_auth\application\models\invoice.php on line 71
[04-Dec-2014 16:02:04 UTC] PHP Fatal error:  Call to undefined method CI_DB_mysql_result::where() in C:\Zend\Apache2\htdocs\play\ci_ion_auth\application\models\invoice.php on line 71
[04-Dec-2014 16:02:21 UTC] PHP Fatal error:  Call to undefined method CI_DB_mysql_result::where() in C:\Zend\Apache2\htdocs\play\ci_ion_auth\application\models\invoice.php on line 71
[04-Dec-2014 16:03:29 UTC] PHP Fatal error:  Call to undefined method CI_DB_mysql_result::where() in C:\Zend\Apache2\htdocs\play\ci_ion_auth\application\models\invoice.php on line 71
[04-Dec-2014 16:03:31 UTC] PHP Fatal error:  Call to undefined method CI_DB_mysql_result::where() in C:\Zend\Apache2\htdocs\play\ci_ion_auth\application\models\invoice.php on line 71
[04-Dec-2014 16:03:31 UTC] PHP Fatal error:  Call to undefined method CI_DB_mysql_result::where() in C:\Zend\Apache2\htdocs\play\ci_ion_auth\application\models\invoice.php on line 71
[04-Dec-2014 16:04:04 UTC] PHP Fatal error:  Call to undefined method CI_DB_mysql_result::where() in C:\Zend\Apache2\htdocs\play\ci_ion_auth\application\models\invoice.php on line 71
[04-Dec-2014 16:16:01 UTC] PHP Fatal error:  Call to undefined method CI_DB_mysql_result::where() in C:\Zend\Apache2\htdocs\play\ci_ion_auth\application\models\invoice.php on line 71
[04-Dec-2014 16:16:44 UTC] Notice * Trying to get property of non-object * models/invoice.php * 56 
[04-Dec-2014 16:16:44 UTC] Notice * Trying to get property of non-object * models/invoice.php * 56 
[04-Dec-2014 16:16:44 UTC] Notice * Trying to get property of non-object * models/invoice.php * 56 
[04-Dec-2014 16:16:44 UTC] Notice * Trying to get property of non-object * models/invoice.php * 56 
[04-Dec-2014 16:16:44 UTC] Notice * Trying to get property of non-object * models/invoice.php * 56 
[04-Dec-2014 16:16:44 UTC] Notice * Trying to get property of non-object * models/invoice.php * 56 
[04-Dec-2014 16:16:44 UTC] Notice * Trying to get property of non-object * models/invoice.php * 56 
[04-Dec-2014 16:16:44 UTC] Notice * Trying to get property of non-object * models/invoice.php * 56 
[04-Dec-2014 16:16:44 UTC] Notice * Trying to get property of non-object * models/invoice.php * 78 
[04-Dec-2014 16:16:44 UTC] Notice * Trying to get property of non-object * models/invoice.php * 78 
[04-Dec-2014 16:16:44 UTC] Notice * Trying to get property of non-object * models/invoice.php * 78 
[04-Dec-2014 16:16:44 UTC] Notice * Trying to get property of non-object * models/invoice.php * 78 
[04-Dec-2014 16:16:44 UTC] Notice * Trying to get property of non-object * models/invoice.php * 78 
[04-Dec-2014 16:16:44 UTC] Notice * Trying to get property of non-object * models/invoice.php * 78 
[04-Dec-2014 16:16:44 UTC] Notice * Trying to get property of non-object * models/invoice.php * 78 
[04-Dec-2014 16:16:44 UTC] Notice * Trying to get property of non-object * models/invoice.php * 78 
[04-Dec-2014 16:16:44 UTC] Notice * Trying to get property of non-object * models/invoice.php * 109 
[04-Dec-2014 16:16:44 UTC] Notice * Trying to get property of non-object * models/invoice.php * 109 
[04-Dec-2014 16:16:44 UTC] Notice * Trying to get property of non-object * models/invoice.php * 109 
[04-Dec-2014 16:16:44 UTC] Notice * Trying to get property of non-object * models/invoice.php * 109 
[04-Dec-2014 16:16:44 UTC] Notice * Trying to get property of non-object * models/invoice.php * 109 
[04-Dec-2014 16:16:44 UTC] Notice * Trying to get property of non-object * models/invoice.php * 109 
[04-Dec-2014 16:16:44 UTC] Notice * Trying to get property of non-object * models/invoice.php * 109 
[04-Dec-2014 16:16:44 UTC] Notice * Trying to get property of non-object * models/invoice.php * 109 
[04-Dec-2014 16:16:44 UTC] Notice * Trying to get property of non-object * models/invoice.php * 88 
[04-Dec-2014 16:16:44 UTC] Notice * Trying to get property of non-object * models/invoice.php * 88 
[04-Dec-2014 16:16:44 UTC] Notice * Trying to get property of non-object * models/invoice.php * 88 
[04-Dec-2014 16:16:44 UTC] Notice * Trying to get property of non-object * models/invoice.php * 88 
[04-Dec-2014 16:16:44 UTC] Notice * Trying to get property of non-object * models/invoice.php * 88 
[04-Dec-2014 16:16:44 UTC] Notice * Trying to get property of non-object * models/invoice.php * 88 
[04-Dec-2014 16:16:44 UTC] Notice * Trying to get property of non-object * models/invoice.php * 88 
[04-Dec-2014 16:16:44 UTC] Notice * Trying to get property of non-object * models/invoice.php * 88 
[04-Dec-2014 16:16:44 UTC] Notice * Trying to get property of non-object * models/invoice.php * 98 
[04-Dec-2014 16:16:44 UTC] Notice * Trying to get property of non-object * models/invoice.php * 98 
[04-Dec-2014 16:16:44 UTC] Notice * Trying to get property of non-object * models/invoice.php * 98 
[04-Dec-2014 16:16:44 UTC] Notice * Trying to get property of non-object * models/invoice.php * 98 
[04-Dec-2014 16:16:44 UTC] Notice * Trying to get property of non-object * models/invoice.php * 98 
[04-Dec-2014 16:16:44 UTC] Notice * Trying to get property of non-object * models/invoice.php * 98 
[04-Dec-2014 16:16:44 UTC] Notice * Trying to get property of non-object * models/invoice.php * 98 
[04-Dec-2014 16:16:44 UTC] Notice * Trying to get property of non-object * models/invoice.php * 98 
[04-Dec-2014 16:18:41 UTC] A Database Error Occurred * <p>Error Number: 1064</p><p>You have an error in your SQL syntax; check the manual that corresponds to your MySQL server version for the right syntax to use near '`requested_at` = 2014' at line 1</p><p>SELECT * FROM orders_view WHERE YEAR`requested_at` = 2014</p><p>Filename: C:\Zend\Apache2\htdocs\play\ci_ion_auth\system\database\DB_driver.php</p><p>Line Number: 330</p> 
[04-Dec-2014 16:18:42 UTC] A Database Error Occurred * <p>Error Number: 1064</p><p>You have an error in your SQL syntax; check the manual that corresponds to your MySQL server version for the right syntax to use near '`requested_at` = 2014' at line 1</p><p>SELECT * FROM orders_view WHERE YEAR`requested_at` = 2014</p><p>Filename: C:\Zend\Apache2\htdocs\play\ci_ion_auth\system\database\DB_driver.php</p><p>Line Number: 330</p> 
[04-Dec-2014 16:29:49 UTC] PHP Fatal error:  Call to undefined function curdate() in C:\Zend\Apache2\htdocs\play\ci_ion_auth\application\models\invoice.php on line 79
[04-Dec-2014 16:29:50 UTC] PHP Fatal error:  Call to undefined function curdate() in C:\Zend\Apache2\htdocs\play\ci_ion_auth\application\models\invoice.php on line 79
[04-Dec-2014 16:29:51 UTC] PHP Fatal error:  Call to undefined function curdate() in C:\Zend\Apache2\htdocs\play\ci_ion_auth\application\models\invoice.php on line 79
[04-Dec-2014 16:30:16 UTC] PHP Fatal error:  Call to undefined function curdate() in C:\Zend\Apache2\htdocs\play\ci_ion_auth\application\models\invoice.php on line 79
[04-Dec-2014 16:30:30 UTC] PHP Fatal error:  Call to undefined function curdate() in C:\Zend\Apache2\htdocs\play\ci_ion_auth\application\models\invoice.php on line 79
[04-Dec-2014 16:30:31 UTC] PHP Fatal error:  Call to undefined function curdate() in C:\Zend\Apache2\htdocs\play\ci_ion_auth\application\models\invoice.php on line 79
[04-Dec-2014 16:30:42 UTC] PHP Fatal error:  Call to undefined function curdate() in C:\Zend\Apache2\htdocs\play\ci_ion_auth\application\models\invoice.php on line 79
[04-Dec-2014 16:30:43 UTC] PHP Fatal error:  Call to undefined function curdate() in C:\Zend\Apache2\htdocs\play\ci_ion_auth\application\models\invoice.php on line 79
[04-Dec-2014 16:30:44 UTC] PHP Fatal error:  Call to undefined function curdate() in C:\Zend\Apache2\htdocs\play\ci_ion_auth\application\models\invoice.php on line 79
[04-Dec-2014 16:31:00 UTC] PHP Fatal error:  Call to undefined function curdate() in C:\Zend\Apache2\htdocs\play\ci_ion_auth\application\models\invoice.php on line 79
[04-Dec-2014 16:31:01 UTC] PHP Fatal error:  Call to undefined function curdate() in C:\Zend\Apache2\htdocs\play\ci_ion_auth\application\models\invoice.php on line 79
[04-Dec-2014 16:31:19 UTC] PHP Fatal error:  Call to undefined function curdate() in C:\Zend\Apache2\htdocs\play\ci_ion_auth\application\models\invoice.php on line 79
[04-Dec-2014 16:31:20 UTC] PHP Fatal error:  Call to undefined function curdate() in C:\Zend\Apache2\htdocs\play\ci_ion_auth\application\models\invoice.php on line 79
[04-Dec-2014 16:31:27 UTC] PHP Fatal error:  Call to undefined function curdate() in C:\Zend\Apache2\htdocs\play\ci_ion_auth\application\models\invoice.php on line 79
[04-Dec-2014 16:31:28 UTC] PHP Fatal error:  Call to undefined function curdate() in C:\Zend\Apache2\htdocs\play\ci_ion_auth\application\models\invoice.php on line 79
[04-Dec-2014 16:31:28 UTC] PHP Fatal error:  Call to undefined function curdate() in C:\Zend\Apache2\htdocs\play\ci_ion_auth\application\models\invoice.php on line 79
[04-Dec-2014 16:31:28 UTC] PHP Fatal error:  Call to undefined function curdate() in C:\Zend\Apache2\htdocs\play\ci_ion_auth\application\models\invoice.php on line 79
[04-Dec-2014 16:31:28 UTC] PHP Fatal error:  Call to undefined function curdate() in C:\Zend\Apache2\htdocs\play\ci_ion_auth\application\models\invoice.php on line 79
[04-Dec-2014 16:31:51 UTC] PHP Fatal error:  Call to undefined function curdate() in C:\Zend\Apache2\htdocs\play\ci_ion_auth\application\models\invoice.php on line 79
[04-Dec-2014 16:31:52 UTC] PHP Fatal error:  Call to undefined function curdate() in C:\Zend\Apache2\htdocs\play\ci_ion_auth\application\models\invoice.php on line 79
[04-Dec-2014 16:32:43 UTC] PHP Fatal error:  Call to undefined function curdate() in C:\Zend\Apache2\htdocs\play\ci_ion_auth\application\models\invoice.php on line 79
[04-Dec-2014 16:32:44 UTC] PHP Fatal error:  Call to undefined function curdate() in C:\Zend\Apache2\htdocs\play\ci_ion_auth\application\models\invoice.php on line 79
[04-Dec-2014 16:34:39 UTC] PHP Fatal error:  Call to undefined function curdate() in C:\Zend\Apache2\htdocs\play\ci_ion_auth\application\models\invoice.php on line 79
[04-Dec-2014 16:34:40 UTC] PHP Fatal error:  Call to undefined function curdate() in C:\Zend\Apache2\htdocs\play\ci_ion_auth\application\models\invoice.php on line 79
[04-Dec-2014 16:34:53 UTC] PHP Fatal error:  Call to undefined function curdate() in C:\Zend\Apache2\htdocs\play\ci_ion_auth\application\models\invoice.php on line 79
[04-Dec-2014 16:34:54 UTC] PHP Fatal error:  Call to undefined function curdate() in C:\Zend\Apache2\htdocs\play\ci_ion_auth\application\models\invoice.php on line 79
[04-Dec-2014 16:35:11 UTC] PHP Fatal error:  Call to undefined function curdate() in C:\Zend\Apache2\htdocs\play\ci_ion_auth\application\models\invoice.php on line 79
[04-Dec-2014 16:35:12 UTC] PHP Fatal error:  Call to undefined function curdate() in C:\Zend\Apache2\htdocs\play\ci_ion_auth\application\models\invoice.php on line 79
[04-Dec-2014 16:35:32 UTC] PHP Fatal error:  Call to undefined function curdate() in C:\Zend\Apache2\htdocs\play\ci_ion_auth\application\models\invoice.php on line 79
[04-Dec-2014 16:37:13 UTC] PHP Fatal error:  Call to undefined function curdate() in C:\Zend\Apache2\htdocs\play\ci_ion_auth\application\models\invoice.php on line 79
[04-Dec-2014 16:37:14 UTC] PHP Fatal error:  Call to undefined function curdate() in C:\Zend\Apache2\htdocs\play\ci_ion_auth\application\models\invoice.php on line 79
[04-Dec-2014 16:37:36 UTC] PHP Fatal error:  Call to undefined function curdate() in C:\Zend\Apache2\htdocs\play\ci_ion_auth\application\models\invoice.php on line 79
[04-Dec-2014 16:37:37 UTC] PHP Fatal error:  Call to undefined function curdate() in C:\Zend\Apache2\htdocs\play\ci_ion_auth\application\models\invoice.php on line 79
[04-Dec-2014 16:38:00 UTC] PHP Fatal error:  Call to undefined function curdate() in C:\Zend\Apache2\htdocs\play\ci_ion_auth\application\models\invoice.php on line 79
[04-Dec-2014 16:38:01 UTC] PHP Fatal error:  Call to undefined function curdate() in C:\Zend\Apache2\htdocs\play\ci_ion_auth\application\models\invoice.php on line 79
[04-Dec-2014 16:38:01 UTC] PHP Fatal error:  Call to undefined function curdate() in C:\Zend\Apache2\htdocs\play\ci_ion_auth\application\models\invoice.php on line 79
[04-Dec-2014 16:38:16 UTC] Warning * Missing argument 1 for Invoice::getTotals(), called in C:\Zend\Apache2\htdocs\play\ci_ion_auth\application\controllers\welcome.php on line 213 and defined * models/invoice.php * 30 
[04-Dec-2014 16:38:16 UTC] Notice * Undefined variable: res * models/invoice.php * 31 
[04-Dec-2014 16:38:16 UTC] Warning * Invalid argument supplied for foreach() * models/invoice.php * 55 
[04-Dec-2014 16:39:26 UTC] A Database Error Occurred * <p>Error Number: 1064</p><p>You have an error in your SQL syntax; check the manual that corresponds to your MySQL server version for the right syntax to use near '*requested_at* >= 01-01-2009 00:00:00  and requested_at <=  01-01-2009 00:00:00' at line 1</p><p>SELECT * FROM orders_view WHERE *requested_at* >= 01-01-2009 00:00:00  and requested_at <=  01-01-2009 00:00:00</p><p>Filename: C:\Zend\Apache2\htdocs\play\ci_ion_auth\system\database\DB_driver.php</p><p>Line Number: 330</p> 
[04-Dec-2014 16:39:41 UTC] A Database Error Occurred * <p>Error Number: 1064</p><p>You have an error in your SQL syntax; check the manual that corresponds to your MySQL server version for the right syntax to use near '00:00:00  and requested_at <=  01-01-2009 00:00:00' at line 1</p><p>SELECT * FROM orders_view WHERE requested_at >= 01-01-2009 00:00:00  and requested_at <=  01-01-2009 00:00:00</p><p>Filename: C:\Zend\Apache2\htdocs\play\ci_ion_auth\system\database\DB_driver.php</p><p>Line Number: 330</p> 
[04-Dec-2014 16:40:37 UTC] A Database Error Occurred * <p>Error Number: 1064</p><p>You have an error in your SQL syntax; check the manual that corresponds to your MySQL server version for the right syntax to use near '00:00:00' at line 1</p><p>SELECT * FROM orders_view WHERE requested_at >= 01-01-2009 00:00:00</p><p>Filename: C:\Zend\Apache2\htdocs\play\ci_ion_auth\system\database\DB_driver.php</p><p>Line Number: 330</p> 
[04-Dec-2014 16:40:38 UTC] A Database Error Occurred * <p>Error Number: 1064</p><p>You have an error in your SQL syntax; check the manual that corresponds to your MySQL server version for the right syntax to use near '00:00:00' at line 1</p><p>SELECT * FROM orders_view WHERE requested_at >= 01-01-2009 00:00:00</p><p>Filename: C:\Zend\Apache2\htdocs\play\ci_ion_auth\system\database\DB_driver.php</p><p>Line Number: 330</p> 
[04-Dec-2014 16:40:39 UTC] A Database Error Occurred * <p>Error Number: 1064</p><p>You have an error in your SQL syntax; check the manual that corresponds to your MySQL server version for the right syntax to use near '00:00:00' at line 1</p><p>SELECT * FROM orders_view WHERE requested_at >= 01-01-2009 00:00:00</p><p>Filename: C:\Zend\Apache2\htdocs\play\ci_ion_auth\system\database\DB_driver.php</p><p>Line Number: 330</p> 
[04-Dec-2014 16:40:39 UTC] A Database Error Occurred * <p>Error Number: 1064</p><p>You have an error in your SQL syntax; check the manual that corresponds to your MySQL server version for the right syntax to use near '00:00:00' at line 1</p><p>SELECT * FROM orders_view WHERE requested_at >= 01-01-2009 00:00:00</p><p>Filename: C:\Zend\Apache2\htdocs\play\ci_ion_auth\system\database\DB_driver.php</p><p>Line Number: 330</p> 
[04-Dec-2014 16:41:13 UTC] A Database Error Occurred * <p>Error Number: 1064</p><p>You have an error in your SQL syntax; check the manual that corresponds to your MySQL server version for the right syntax to use near '00:00:00' at line 1</p><p>SELECT * FROM orders_view where requested_at >= 01-01-2009 00:00:00</p><p>Filename: C:\Zend\Apache2\htdocs\play\ci_ion_auth\system\database\DB_driver.php</p><p>Line Number: 330</p> 
[04-Dec-2014 16:41:14 UTC] A Database Error Occurred * <p>Error Number: 1064</p><p>You have an error in your SQL syntax; check the manual that corresponds to your MySQL server version for the right syntax to use near '00:00:00' at line 1</p><p>SELECT * FROM orders_view where requested_at >= 01-01-2009 00:00:00</p><p>Filename: C:\Zend\Apache2\htdocs\play\ci_ion_auth\system\database\DB_driver.php</p><p>Line Number: 330</p> 
[04-Dec-2014 16:41:14 UTC] A Database Error Occurred * <p>Error Number: 1064</p><p>You have an error in your SQL syntax; check the manual that corresponds to your MySQL server version for the right syntax to use near '00:00:00' at line 1</p><p>SELECT * FROM orders_view where requested_at >= 01-01-2009 00:00:00</p><p>Filename: C:\Zend\Apache2\htdocs\play\ci_ion_auth\system\database\DB_driver.php</p><p>Line Number: 330</p> 
[04-Dec-2014 16:41:49 UTC] A Database Error Occurred * <p>Error Number: 1064</p><p>You have an error in your SQL syntax; check the manual that corresponds to your MySQL server version for the right syntax to use near 'requested_at <=  '01-01-2009 00:00:00'' at line 1</p><p>SELECT * FROM orders_view where requested_at >= '01-01-2009 00:00:00' requested_at <=  '01-01-2009 00:00:00' </p><p>Filename: C:\Zend\Apache2\htdocs\play\ci_ion_auth\system\database\DB_driver.php</p><p>Line Number: 330</p> 
[04-Dec-2014 16:45:56 UTC] A Database Error Occurred * <p>Error Number: 1064</p><p>You have an error in your SQL syntax; check the manual that corresponds to your MySQL server version for the right syntax to use near '00:00:00' at line 1</p><p>SELECT * FROM orders_view where requested_at >= '01-01-2009 00:00:00'  AND  requested_at <=  01-01-2016 00:00:00 </p><p>Filename: C:\Zend\Apache2\htdocs\play\ci_ion_auth\system\database\DB_driver.php</p><p>Line Number: 330</p> 
[04-Dec-2014 16:45:57 UTC] A Database Error Occurred * <p>Error Number: 1064</p><p>You have an error in your SQL syntax; check the manual that corresponds to your MySQL server version for the right syntax to use near '00:00:00' at line 1</p><p>SELECT * FROM orders_view where requested_at >= '01-01-2009 00:00:00'  AND  requested_at <=  01-01-2016 00:00:00 </p><p>Filename: C:\Zend\Apache2\htdocs\play\ci_ion_auth\system\database\DB_driver.php</p><p>Line Number: 330</p> 
[04-Dec-2014 16:45:57 UTC] A Database Error Occurred * <p>Error Number: 1064</p><p>You have an error in your SQL syntax; check the manual that corresponds to your MySQL server version for the right syntax to use near '00:00:00' at line 1</p><p>SELECT * FROM orders_view where requested_at >= '01-01-2009 00:00:00'  AND  requested_at <=  01-01-2016 00:00:00 </p><p>Filename: C:\Zend\Apache2\htdocs\play\ci_ion_auth\system\database\DB_driver.php</p><p>Line Number: 330</p> 
[04-Dec-2014 16:45:58 UTC] A Database Error Occurred * <p>Error Number: 1064</p><p>You have an error in your SQL syntax; check the manual that corresponds to your MySQL server version for the right syntax to use near '00:00:00' at line 1</p><p>SELECT * FROM orders_view where requested_at >= '01-01-2009 00:00:00'  AND  requested_at <=  01-01-2016 00:00:00 </p><p>Filename: C:\Zend\Apache2\htdocs\play\ci_ion_auth\system\database\DB_driver.php</p><p>Line Number: 330</p> 
[04-Dec-2014 16:46:09 UTC] A Database Error Occurred * <p>Error Number: 1064</p><p>You have an error in your SQL syntax; check the manual that corresponds to your MySQL server version for the right syntax to use near '00:00:00' at line 1</p><p>SELECT * FROM orders_view where requested_at >= '01-01-2009 00:00:00'  AND  requested_at <=  01-01-2016 00:00:00 </p><p>Filename: C:\Zend\Apache2\htdocs\play\ci_ion_auth\system\database\DB_driver.php</p><p>Line Number: 330</p> 
[04-Dec-2014 16:46:09 UTC] A Database Error Occurred * <p>Error Number: 1064</p><p>You have an error in your SQL syntax; check the manual that corresponds to your MySQL server version for the right syntax to use near '00:00:00' at line 1</p><p>SELECT * FROM orders_view where requested_at >= '01-01-2009 00:00:00'  AND  requested_at <=  01-01-2016 00:00:00 </p><p>Filename: C:\Zend\Apache2\htdocs\play\ci_ion_auth\system\database\DB_driver.php</p><p>Line Number: 330</p> 
[04-Dec-2014 16:48:17 UTC] PHP Fatal error:  Call to undefined function curdate() in C:\Zend\Apache2\htdocs\play\ci_ion_auth\application\models\invoice.php on line 79
[04-Dec-2014 16:48:18 UTC] PHP Fatal error:  Call to undefined function curdate() in C:\Zend\Apache2\htdocs\play\ci_ion_auth\application\models\invoice.php on line 79
[04-Dec-2014 16:48:18 UTC] PHP Fatal error:  Call to undefined function curdate() in C:\Zend\Apache2\htdocs\play\ci_ion_auth\application\models\invoice.php on line 79
